/data/users/pianpwk/pytorch/torch/testing/_internal/common_cuda.py:24: UserWarning: PyTorch was compiled without cuDNN/MIOpen support. To use cuDNN/MIOpen, rebuild PyTorch making sure the library is visible to the build system.
  TEST_CUDNN = LazyVal(lambda: TEST_CUDA and torch.backends.cudnn.is_acceptable(torch.tensor(1., device=CUDA_DEVICE)))
test_unbacked_op_db__unsafe_masked_index_cpu_float32 (__main__.TestOpsUnbackedCPU) ... ok
test_unbacked_op_db__unsafe_masked_index_put_accumulate_cpu_float32 (__main__.TestOpsUnbackedCPU) ... expected failure
test_unbacked_op_db_masked_amax_cpu_float32 (__main__.TestOpsUnbackedCPU) ... ok
test_unbacked_op_db_masked_amin_cpu_float32 (__main__.TestOpsUnbackedCPU) ... ok
test_unbacked_op_db_masked_argmax_cpu_float32 (__main__.TestOpsUnbackedCPU) ... ok
test_unbacked_op_db_masked_argmin_cpu_float32 (__main__.TestOpsUnbackedCPU) ... ok
test_unbacked_op_db_masked_cumprod_cpu_float32 (__main__.TestOpsUnbackedCPU) ... ok
test_unbacked_op_db_masked_cumsum_cpu_float32 (__main__.TestOpsUnbackedCPU) ... ok
test_unbacked_op_db_masked_fill_cpu_float32 (__main__.TestOpsUnbackedCPU) ... ok
test_unbacked_op_db_masked_log_softmax_cpu_float32 (__main__.TestOpsUnbackedCPU) ... ok
test_unbacked_op_db_masked_logaddexp_cpu_float32 (__main__.TestOpsUnbackedCPU) ... ok
test_unbacked_op_db_masked_logsumexp_cpu_float32 (__main__.TestOpsUnbackedCPU) ... expected failure
test_unbacked_op_db_masked_mean_cpu_float32 (__main__.TestOpsUnbackedCPU) ... ok
test_unbacked_op_db_masked_median_cpu_float32 (__main__.TestOpsUnbackedCPU) ... ok
test_unbacked_op_db_masked_norm_cpu_float32 (__main__.TestOpsUnbackedCPU) ... ok
test_unbacked_op_db_masked_normalize_cpu_float32 (__main__.TestOpsUnbackedCPU) ... ok
test_unbacked_op_db_masked_prod_cpu_float32 (__main__.TestOpsUnbackedCPU) ... ok
test_unbacked_op_db_masked_scatter_cpu_float32 (__main__.TestOpsUnbackedCPU) ... ok
test_unbacked_op_db_masked_select_cpu_float32 (__main__.TestOpsUnbackedCPU) ... ok
test_unbacked_op_db_masked_softmax_cpu_float32 (__main__.TestOpsUnbackedCPU) ... ok
test_unbacked_op_db_masked_softmin_cpu_float32 (__main__.TestOpsUnbackedCPU) ... ok
test_unbacked_op_db_masked_std_cpu_float32 (__main__.TestOpsUnbackedCPU) ... ok
test_unbacked_op_db_masked_sum_cpu_float32 (__main__.TestOpsUnbackedCPU) ... ok
test_unbacked_op_db_masked_var_cpu_float32 (__main__.TestOpsUnbackedCPU) ... ok

----------------------------------------------------------------------
Ran 24 tests in 70.609s

OK (expected failures=2)
