/data/users/pianpwk/pytorch/torch/testing/_internal/common_cuda.py:24: UserWarning: PyTorch was compiled without cuDNN/MIOpen support. To use cuDNN/MIOpen, rebuild PyTorch making sure the library is visible to the build system.
  TEST_CUDNN = LazyVal(lambda: TEST_CUDA and torch.backends.cudnn.is_acceptable(torch.tensor(1., device=CUDA_DEVICE)))
test_compiled_dtensor_op_db_H_cpu_float32 (__main__.TestCompiledDTensorOpsCPU) ... ok
test_compiled_dtensor_op_db_T_cpu_float32 (__main__.TestCompiledDTensorOpsCPU) ... ok
test_compiled_dtensor_op_db___getitem___cpu_float32 (__main__.TestCompiledDTensorOpsCPU) ... expected failure
test_compiled_dtensor_op_db___radd___cpu_float32 (__main__.TestCompiledDTensorOpsCPU) ... ok
test_compiled_dtensor_op_db___rdiv___cpu_float32 (__main__.TestCompiledDTensorOpsCPU) ... ok
test_compiled_dtensor_op_db___rmatmul___cpu_float32 (__main__.TestCompiledDTensorOpsCPU) ... skipped 'Skipped!'
test_compiled_dtensor_op_db___rmod___cpu_float32 (__main__.TestCompiledDTensorOpsCPU) ... ok
test_compiled_dtensor_op_db___rmul___cpu_float32 (__main__.TestCompiledDTensorOpsCPU) ... ok
test_compiled_dtensor_op_db___rpow___cpu_float32 (__main__.TestCompiledDTensorOpsCPU) ... ok
test_compiled_dtensor_op_db___rsub___cpu_float32 (__main__.TestCompiledDTensorOpsCPU) ... ok
test_compiled_dtensor_op_db__batch_norm_with_update_cpu_float32 (__main__.TestCompiledDTensorOpsCPU) ... expected failure
test_compiled_dtensor_op_db__chunk_cat_cpu_float32 (__main__.TestCompiledDTensorOpsCPU) ... expected failure
test_compiled_dtensor_op_db__native_batch_norm_legit_cpu_float32 (__main__.TestCompiledDTensorOpsCPU) ... expected failure
test_compiled_dtensor_op_db__segment_reduce_lengths_cpu_float32 (__main__.TestCompiledDTensorOpsCPU) ... skipped 'Skipped!'
test_compiled_dtensor_op_db__segment_reduce_offsets_cpu_float32 (__main__.TestCompiledDTensorOpsCPU) ... skipped 'Skipped!'
test_compiled_dtensor_op_db__softmax_backward_data_cpu_float32 (__main__.TestCompiledDTensorOpsCPU) ... [rank0]:W0224 11:09:03.558000 1992357 torch/_logging/_internal.py:1290] [0/0] CPU process group does not support alltoall yet, falling back with allgather + chunk!
ok
test_compiled_dtensor_op_db__unsafe_masked_index_cpu_float32 (__main__.TestCompiledDTensorOpsCPU) ... expected failure
test_compiled_dtensor_op_db__unsafe_masked_index_put_accumulate_cpu_float32 (__main__.TestCompiledDTensorOpsCPU) ... expected failure
test_compiled_dtensor_op_db__upsample_bilinear2d_aa_cpu_float32 (__main__.TestCompiledDTensorOpsCPU) ... expected failure
test_compiled_dtensor_op_db_abs_cpu_float32 (__main__.TestCompiledDTensorOpsCPU) ... ok
test_compiled_dtensor_op_db_acos_cpu_float32 (__main__.TestCompiledDTensorOpsCPU) ... ok
test_compiled_dtensor_op_db_acosh_cpu_float32 (__main__.TestCompiledDTensorOpsCPU) ... ok
test_compiled_dtensor_op_db_add_cpu_float32 (__main__.TestCompiledDTensorOpsCPU) ... ok
test_compiled_dtensor_op_db_addbmm_cpu_float32 (__main__.TestCompiledDTensorOpsCPU) ... expected failure
test_compiled_dtensor_op_db_addcdiv_cpu_float32 (__main__.TestCompiledDTensorOpsCPU) ... ok
test_compiled_dtensor_op_db_addcmul_cpu_float32 (__main__.TestCompiledDTensorOpsCPU) ... ok
test_compiled_dtensor_op_db_addmm_cpu_float32 (__main__.TestCompiledDTensorOpsCPU) ... ok
test_compiled_dtensor_op_db_addmm_decomposed_cpu_float32 (__main__.TestCompiledDTensorOpsCPU) ... ok
test_compiled_dtensor_op_db_addmv_cpu_float32 (__main__.TestCompiledDTensorOpsCPU) ... ok
test_compiled_dtensor_op_db_addr_cpu_float32 (__main__.TestCompiledDTensorOpsCPU) ... ok
test_compiled_dtensor_op_db_alias_copy_cpu_float32 (__main__.TestCompiledDTensorOpsCPU) ... ok
test_compiled_dtensor_op_db_all_cpu_float32 (__main__.TestCompiledDTensorOpsCPU) ... ok
test_compiled_dtensor_op_db_allclose_cpu_float32 (__main__.TestCompiledDTensorOpsCPU) ... expected failure
test_compiled_dtensor_op_db_amax_cpu_float32 (__main__.TestCompiledDTensorOpsCPU) ... ok
test_compiled_dtensor_op_db_amin_cpu_float32 (__main__.TestCompiledDTensorOpsCPU) ... ok
test_compiled_dtensor_op_db_aminmax_cpu_float32 (__main__.TestCompiledDTensorOpsCPU) ... ok
test_compiled_dtensor_op_db_angle_cpu_float32 (__main__.TestCompiledDTensorOpsCPU) ... ok
test_compiled_dtensor_op_db_any_cpu_float32 (__main__.TestCompiledDTensorOpsCPU) ... ok
test_compiled_dtensor_op_db_arange_cpu_float32 (__main__.TestCompiledDTensorOpsCPU) ... ok
test_compiled_dtensor_op_db_argmax_cpu_float32 (__main__.TestCompiledDTensorOpsCPU) ... ok
test_compiled_dtensor_op_db_argmin_cpu_float32 (__main__.TestCompiledDTensorOpsCPU) ... ok
test_compiled_dtensor_op_db_argsort_cpu_float32 (__main__.TestCompiledDTensorOpsCPU) ... ok
test_compiled_dtensor_op_db_argwhere_cpu_float32 (__main__.TestCompiledDTensorOpsCPU) ... skipped 'Skipped!'
test_compiled_dtensor_op_db_as_strided_copy_cpu_float32 (__main__.TestCompiledDTensorOpsCPU) ... expected failure
test_compiled_dtensor_op_db_as_strided_cpu_float32 (__main__.TestCompiledDTensorOpsCPU) ... expected failure
test_compiled_dtensor_op_db_as_strided_partial_views_cpu_float32 (__main__.TestCompiledDTensorOpsCPU) ... expected failure
test_compiled_dtensor_op_db_as_strided_scatter_cpu_float32 (__main__.TestCompiledDTensorOpsCPU) ... expected failure
test_compiled_dtensor_op_db_asin_cpu_float32 (__main__.TestCompiledDTensorOpsCPU) ... ok
test_compiled_dtensor_op_db_asinh_cpu_float32 (__main__.TestCompiledDTensorOpsCPU) ... ok
test_compiled_dtensor_op_db_atan2_cpu_float32 (__main__.TestCompiledDTensorOpsCPU) ... ok
test_compiled_dtensor_op_db_atan_cpu_float32 (__main__.TestCompiledDTensorOpsCPU) ... ok
test_compiled_dtensor_op_db_atanh_cpu_float32 (__main__.TestCompiledDTensorOpsCPU) ... ok
test_compiled_dtensor_op_db_atleast_1d_cpu_float32 (__main__.TestCompiledDTensorOpsCPU) ... unexpected success
test_compiled_dtensor_op_db_atleast_2d_cpu_float32 (__main__.TestCompiledDTensorOpsCPU) ... expected failure
test_compiled_dtensor_op_db_atleast_3d_cpu_float32 (__main__.TestCompiledDTensorOpsCPU) ... expected failure
test_compiled_dtensor_op_db_baddbmm_cpu_float32 (__main__.TestCompiledDTensorOpsCPU) ... ok
test_compiled_dtensor_op_db_bernoulli_cpu_float32 (__main__.TestCompiledDTensorOpsCPU) ... expected failure
test_compiled_dtensor_op_db_bfloat16_cpu_float32 (__main__.TestCompiledDTensorOpsCPU) ... ok
test_compiled_dtensor_op_db_block_diag_cpu_float32 (__main__.TestCompiledDTensorOpsCPU) ... expected failure
test_compiled_dtensor_op_db_bmm_cpu_float32 (__main__.TestCompiledDTensorOpsCPU) ... ok
test_compiled_dtensor_op_db_bool_cpu_float32 (__main__.TestCompiledDTensorOpsCPU) ... ok
test_compiled_dtensor_op_db_broadcast_shapes_cpu_float32 (__main__.TestCompiledDTensorOpsCPU) ... ok
test_compiled_dtensor_op_db_broadcast_tensors_cpu_float32 (__main__.TestCompiledDTensorOpsCPU) ... unexpected success
test_compiled_dtensor_op_db_broadcast_to_cpu_float32 (__main__.TestCompiledDTensorOpsCPU) ... expected failure
test_compiled_dtensor_op_db_bucketize_cpu_float32 (__main__.TestCompiledDTensorOpsCPU) ... ok
test_compiled_dtensor_op_db_byte_cpu_float32 (__main__.TestCompiledDTensorOpsCPU) ... ok
test_compiled_dtensor_op_db_cartesian_prod_cpu_float32 (__main__.TestCompiledDTensorOpsCPU) ... expected failure
test_compiled_dtensor_op_db_cat_cpu_float32 (__main__.TestCompiledDTensorOpsCPU) ... ok
test_compiled_dtensor_op_db_cauchy_cpu_float32 (__main__.TestCompiledDTensorOpsCPU) ... expected failure
test_compiled_dtensor_op_db_cdist_cpu_float32 (__main__.TestCompiledDTensorOpsCPU) ... expected failure
test_compiled_dtensor_op_db_cdouble_cpu_float32 (__main__.TestCompiledDTensorOpsCPU) ... ok
test_compiled_dtensor_op_db_ceil_cpu_float32 (__main__.TestCompiledDTensorOpsCPU) ... ok
test_compiled_dtensor_op_db_cfloat_cpu_float32 (__main__.TestCompiledDTensorOpsCPU) ... ok
test_compiled_dtensor_op_db_chalf_cpu_float32 (__main__.TestCompiledDTensorOpsCPU) ... ok
test_compiled_dtensor_op_db_char_cpu_float32 (__main__.TestCompiledDTensorOpsCPU) ... ok
test_compiled_dtensor_op_db_cholesky_cpu_float32 (__main__.TestCompiledDTensorOpsCPU) ... expected failure
test_compiled_dtensor_op_db_cholesky_inverse_cpu_float32 (__main__.TestCompiledDTensorOpsCPU) ... expected failure
test_compiled_dtensor_op_db_cholesky_solve_cpu_float32 (__main__.TestCompiledDTensorOpsCPU) ... expected failure
test_compiled_dtensor_op_db_chunk_cpu_float32 (__main__.TestCompiledDTensorOpsCPU) ... ok
test_compiled_dtensor_op_db_clamp_cpu_float32 (__main__.TestCompiledDTensorOpsCPU) ... ok
test_compiled_dtensor_op_db_clamp_max_cpu_float32 (__main__.TestCompiledDTensorOpsCPU) ... ok
test_compiled_dtensor_op_db_clamp_min_cpu_float32 (__main__.TestCompiledDTensorOpsCPU) ... ok
test_compiled_dtensor_op_db_clone_cpu_float32 (__main__.TestCompiledDTensorOpsCPU) ... ok
test_compiled_dtensor_op_db_column_stack_cpu_float32 (__main__.TestCompiledDTensorOpsCPU) ... ok
test_compiled_dtensor_op_db_combinations_cpu_float32 (__main__.TestCompiledDTensorOpsCPU) ... expected failure
test_compiled_dtensor_op_db_complex_cpu_float32 (__main__.TestCompiledDTensorOpsCPU) ... expected failure
test_compiled_dtensor_op_db_conj_cpu_float32 (__main__.TestCompiledDTensorOpsCPU) ... ok
test_compiled_dtensor_op_db_conj_physical_cpu_float32 (__main__.TestCompiledDTensorOpsCPU) ... ok
test_compiled_dtensor_op_db_constant_pad_nd_cpu_float32 (__main__.TestCompiledDTensorOpsCPU) ... ok
test_compiled_dtensor_op_db_contiguous_cpu_float32 (__main__.TestCompiledDTensorOpsCPU) ... ok
test_compiled_dtensor_op_db_copysign_cpu_float32 (__main__.TestCompiledDTensorOpsCPU) ... ok
test_compiled_dtensor_op_db_corrcoef_cpu_float32 (__main__.TestCompiledDTensorOpsCPU) ... expected failure
test_compiled_dtensor_op_db_cos_cpu_float32 (__main__.TestCompiledDTensorOpsCPU) ... ok
test_compiled_dtensor_op_db_cosh_cpu_float32 (__main__.TestCompiledDTensorOpsCPU) ... ok
test_compiled_dtensor_op_db_count_nonzero_cpu_float32 (__main__.TestCompiledDTensorOpsCPU) ... ok
test_compiled_dtensor_op_db_cov_cpu_float32 (__main__.TestCompiledDTensorOpsCPU) ... expected failure
test_compiled_dtensor_op_db_cross_cpu_float32 (__main__.TestCompiledDTensorOpsCPU) ... expected failure
test_compiled_dtensor_op_db_cummax_cpu_float32 (__main__.TestCompiledDTensorOpsCPU) ... expected failure
test_compiled_dtensor_op_db_cummin_cpu_float32 (__main__.TestCompiledDTensorOpsCPU) ... expected failure
test_compiled_dtensor_op_db_cumprod_cpu_float32 (__main__.TestCompiledDTensorOpsCPU) ... skipped 'Skipped!'
test_compiled_dtensor_op_db_cumsum_cpu_float32 (__main__.TestCompiledDTensorOpsCPU) ... ok
test_compiled_dtensor_op_db_cumulative_trapezoid_cpu_float32 (__main__.TestCompiledDTensorOpsCPU) ... ok
test_compiled_dtensor_op_db_deg2rad_cpu_float32 (__main__.TestCompiledDTensorOpsCPU) ... ok
test_compiled_dtensor_op_db_diag_cpu_float32 (__main__.TestCompiledDTensorOpsCPU) ... ok
test_compiled_dtensor_op_db_diag_embed_cpu_float32 (__main__.TestCompiledDTensorOpsCPU) ... ok
test_compiled_dtensor_op_db_diagflat_cpu_float32 (__main__.TestCompiledDTensorOpsCPU) ... ok
test_compiled_dtensor_op_db_diagonal_copy_cpu_float32 (__main__.TestCompiledDTensorOpsCPU) ... ok
test_compiled_dtensor_op_db_diagonal_cpu_float32 (__main__.TestCompiledDTensorOpsCPU) ... expected failure
test_compiled_dtensor_op_db_diagonal_scatter_cpu_float32 (__main__.TestCompiledDTensorOpsCPU) ... expected failure
test_compiled_dtensor_op_db_diff_cpu_float32 (__main__.TestCompiledDTensorOpsCPU) ... ok
test_compiled_dtensor_op_db_digamma_cpu_float32 (__main__.TestCompiledDTensorOpsCPU) ... ok
test_compiled_dtensor_op_db_dist_cpu_float32 (__main__.TestCompiledDTensorOpsCPU) ... ok
test_compiled_dtensor_op_db_div_floor_rounding_cpu_float32 (__main__.TestCompiledDTensorOpsCPU) ... ok
test_compiled_dtensor_op_db_div_no_rounding_mode_cpu_float32 (__main__.TestCompiledDTensorOpsCPU) ... ok
test_compiled_dtensor_op_db_div_trunc_rounding_cpu_float32 (__main__.TestCompiledDTensorOpsCPU) ... ok
test_compiled_dtensor_op_db_dot_cpu_float32 (__main__.TestCompiledDTensorOpsCPU) ... ok
test_compiled_dtensor_op_db_double_cpu_float32 (__main__.TestCompiledDTensorOpsCPU) ... ok
test_compiled_dtensor_op_db_dsplit_cpu_float32 (__main__.TestCompiledDTensorOpsCPU) ... expected failure
test_compiled_dtensor_op_db_dstack_cpu_float32 (__main__.TestCompiledDTensorOpsCPU) ... ok
test_compiled_dtensor_op_db_einsum_cpu_float32 (__main__.TestCompiledDTensorOpsCPU) ... ok
test_compiled_dtensor_op_db_empty_cpu_float32 (__main__.TestCompiledDTensorOpsCPU) ... skipped 'Skipped!'
test_compiled_dtensor_op_db_empty_like_cpu_float32 (__main__.TestCompiledDTensorOpsCPU) ... skipped 'Skipped!'
test_compiled_dtensor_op_db_empty_permuted_cpu_float32 (__main__.TestCompiledDTensorOpsCPU) ... skipped 'Skipped!'
test_compiled_dtensor_op_db_empty_strided_cpu_float32 (__main__.TestCompiledDTensorOpsCPU) ... skipped 'Skipped!'
test_compiled_dtensor_op_db_eq_cpu_float32 (__main__.TestCompiledDTensorOpsCPU) ... ok
test_compiled_dtensor_op_db_equal_cpu_float32 (__main__.TestCompiledDTensorOpsCPU) ... expected failure
test_compiled_dtensor_op_db_erf_cpu_float32 (__main__.TestCompiledDTensorOpsCPU) ... ok
test_compiled_dtensor_op_db_erfc_cpu_float32 (__main__.TestCompiledDTensorOpsCPU) ... ok
test_compiled_dtensor_op_db_erfinv_cpu_float32 (__main__.TestCompiledDTensorOpsCPU) ... ok
test_compiled_dtensor_op_db_exp2_cpu_float32 (__main__.TestCompiledDTensorOpsCPU) ... ok
test_compiled_dtensor_op_db_exp_cpu_float32 (__main__.TestCompiledDTensorOpsCPU) ... ok
test_compiled_dtensor_op_db_expand_as_cpu_float32 (__main__.TestCompiledDTensorOpsCPU) ... expected failure
test_compiled_dtensor_op_db_expand_copy_cpu_float32 (__main__.TestCompiledDTensorOpsCPU) ... ok
test_compiled_dtensor_op_db_expand_cpu_float32 (__main__.TestCompiledDTensorOpsCPU) ... expected failure
test_compiled_dtensor_op_db_expm1_cpu_float32 (__main__.TestCompiledDTensorOpsCPU) ... ok
test_compiled_dtensor_op_db_exponential_cpu_float32 (__main__.TestCompiledDTensorOpsCPU) ... expected failure
test_compiled_dtensor_op_db_eye_cpu_float32 (__main__.TestCompiledDTensorOpsCPU) ... ok
test_compiled_dtensor_op_db_fft_fft2_cpu_float32 (__main__.TestCompiledDTensorOpsCPU) ... expected failure
test_compiled_dtensor_op_db_fft_fft_cpu_float32 (__main__.TestCompiledDTensorOpsCPU) ... expected failure
test_compiled_dtensor_op_db_fft_fftn_cpu_float32 (__main__.TestCompiledDTensorOpsCPU) ... expected failure
test_compiled_dtensor_op_db_fft_fftshift_cpu_float32 (__main__.TestCompiledDTensorOpsCPU) ... expected failure
test_compiled_dtensor_op_db_fft_hfft2_cpu_float32 (__main__.TestCompiledDTensorOpsCPU) ... skipped 'Skipped!'
test_compiled_dtensor_op_db_fft_hfft_cpu_float32 (__main__.TestCompiledDTensorOpsCPU) ... skipped 'Skipped!'
test_compiled_dtensor_op_db_fft_hfftn_cpu_float32 (__main__.TestCompiledDTensorOpsCPU) ... skipped 'Skipped!'
test_compiled_dtensor_op_db_fft_ifft2_cpu_float32 (__main__.TestCompiledDTensorOpsCPU) ... expected failure
test_compiled_dtensor_op_db_fft_ifft_cpu_float32 (__main__.TestCompiledDTensorOpsCPU) ... expected failure
test_compiled_dtensor_op_db_fft_ifftn_cpu_float32 (__main__.TestCompiledDTensorOpsCPU) ... skipped 'Skipped!'
test_compiled_dtensor_op_db_fft_ifftshift_cpu_float32 (__main__.TestCompiledDTensorOpsCPU) ... expected failure
test_compiled_dtensor_op_db_fft_ihfft2_cpu_float32 (__main__.TestCompiledDTensorOpsCPU) ... expected failure
test_compiled_dtensor_op_db_fft_ihfft_cpu_float32 (__main__.TestCompiledDTensorOpsCPU) ... expected failure
test_compiled_dtensor_op_db_fft_ihfftn_cpu_float32 (__main__.TestCompiledDTensorOpsCPU) ... expected failure
test_compiled_dtensor_op_db_fft_irfft2_cpu_float32 (__main__.TestCompiledDTensorOpsCPU) ... expected failure
test_compiled_dtensor_op_db_fft_irfft_cpu_float32 (__main__.TestCompiledDTensorOpsCPU) ... skipped 'Skipped!'
test_compiled_dtensor_op_db_fft_irfftn_cpu_float32 (__main__.TestCompiledDTensorOpsCPU) ... expected failure
test_compiled_dtensor_op_db_fft_rfft2_cpu_float32 (__main__.TestCompiledDTensorOpsCPU) ... expected failure
test_compiled_dtensor_op_db_fft_rfft_cpu_float32 (__main__.TestCompiledDTensorOpsCPU) ... expected failure
test_compiled_dtensor_op_db_fft_rfftn_cpu_float32 (__main__.TestCompiledDTensorOpsCPU) ... expected failure
test_compiled_dtensor_op_db_fill_cpu_float32 (__main__.TestCompiledDTensorOpsCPU) ... ok
test_compiled_dtensor_op_db_flatten_cpu_float32 (__main__.TestCompiledDTensorOpsCPU) ... expected failure
test_compiled_dtensor_op_db_flip_cpu_float32 (__main__.TestCompiledDTensorOpsCPU) ... expected failure
test_compiled_dtensor_op_db_fliplr_cpu_float32 (__main__.TestCompiledDTensorOpsCPU) ... expected failure
test_compiled_dtensor_op_db_flipud_cpu_float32 (__main__.TestCompiledDTensorOpsCPU) ... expected failure
test_compiled_dtensor_op_db_float_cpu_float32 (__main__.TestCompiledDTensorOpsCPU) ... ok
test_compiled_dtensor_op_db_float_power_cpu_float32 (__main__.TestCompiledDTensorOpsCPU) ... ok
test_compiled_dtensor_op_db_floor_cpu_float32 (__main__.TestCompiledDTensorOpsCPU) ... ok
test_compiled_dtensor_op_db_floor_divide_cpu_float32 (__main__.TestCompiledDTensorOpsCPU) ... ok
test_compiled_dtensor_op_db_fmax_cpu_float32 (__main__.TestCompiledDTensorOpsCPU) ... ok
test_compiled_dtensor_op_db_fmin_cpu_float32 (__main__.TestCompiledDTensorOpsCPU) ... ok
test_compiled_dtensor_op_db_fmod_cpu_float32 (__main__.TestCompiledDTensorOpsCPU) ... ok
test_compiled_dtensor_op_db_frac_cpu_float32 (__main__.TestCompiledDTensorOpsCPU) ... ok
test_compiled_dtensor_op_db_frexp_cpu_float32 (__main__.TestCompiledDTensorOpsCPU) ... ok
test_compiled_dtensor_op_db_full_cpu_float32 (__main__.TestCompiledDTensorOpsCPU) ... ok
test_compiled_dtensor_op_db_full_like_cpu_float32 (__main__.TestCompiledDTensorOpsCPU) ... ok
test_compiled_dtensor_op_db_gather_cpu_float32 (__main__.TestCompiledDTensorOpsCPU) ... expected failure
test_compiled_dtensor_op_db_ge_cpu_float32 (__main__.TestCompiledDTensorOpsCPU) ... ok
test_compiled_dtensor_op_db_geometric_cpu_float32 (__main__.TestCompiledDTensorOpsCPU) ... expected failure
test_compiled_dtensor_op_db_geqrf_cpu_float32 (__main__.TestCompiledDTensorOpsCPU) ... expected failure
test_compiled_dtensor_op_db_gradient_cpu_float32 (__main__.TestCompiledDTensorOpsCPU) ... ok
test_compiled_dtensor_op_db_grid_sampler_2d_cpu_float32 (__main__.TestCompiledDTensorOpsCPU) ... expected failure
test_compiled_dtensor_op_db_grid_sampler_3d_cpu_float32 (__main__.TestCompiledDTensorOpsCPU) ... skipped 'Skipped!'
test_compiled_dtensor_op_db_gt_cpu_float32 (__main__.TestCompiledDTensorOpsCPU) ... ok
test_compiled_dtensor_op_db_half_cpu_float32 (__main__.TestCompiledDTensorOpsCPU) ... ok
test_compiled_dtensor_op_db_hash_tensor_cpu_float32 (__main__.TestCompiledDTensorOpsCPU) ... expected failure
test_compiled_dtensor_op_db_heaviside_cpu_float32 (__main__.TestCompiledDTensorOpsCPU) ... ok
test_compiled_dtensor_op_db_histc_cpu_float32 (__main__.TestCompiledDTensorOpsCPU) ... ok
test_compiled_dtensor_op_db_histogram_cpu_float32 (__main__.TestCompiledDTensorOpsCPU) ... expected failure
test_compiled_dtensor_op_db_histogramdd_cpu_float32 (__main__.TestCompiledDTensorOpsCPU) ... expected failure
test_compiled_dtensor_op_db_hsplit_cpu_float32 (__main__.TestCompiledDTensorOpsCPU) ... expected failure
test_compiled_dtensor_op_db_hstack_cpu_float32 (__main__.TestCompiledDTensorOpsCPU) ... ok
test_compiled_dtensor_op_db_hypot_cpu_float32 (__main__.TestCompiledDTensorOpsCPU) ... ok
test_compiled_dtensor_op_db_i0_cpu_float32 (__main__.TestCompiledDTensorOpsCPU) ... ok
test_compiled_dtensor_op_db_igamma_cpu_float32 (__main__.TestCompiledDTensorOpsCPU) ... ok
test_compiled_dtensor_op_db_igammac_cpu_float32 (__main__.TestCompiledDTensorOpsCPU) ... ok
test_compiled_dtensor_op_db_index_add_cpu_float32 (__main__.TestCompiledDTensorOpsCPU) ... expected failure
test_compiled_dtensor_op_db_index_copy_cpu_float32 (__main__.TestCompiledDTensorOpsCPU) ... expected failure
test_compiled_dtensor_op_db_index_fill_cpu_float32 (__main__.TestCompiledDTensorOpsCPU) ... expected failure
test_compiled_dtensor_op_db_index_put_cpu_float32 (__main__.TestCompiledDTensorOpsCPU) ... expected failure
test_compiled_dtensor_op_db_index_reduce_amax_cpu_float32 (__main__.TestCompiledDTensorOpsCPU) ... expected failure
test_compiled_dtensor_op_db_index_reduce_amin_cpu_float32 (__main__.TestCompiledDTensorOpsCPU) ... expected failure
test_compiled_dtensor_op_db_index_reduce_mean_cpu_float32 (__main__.TestCompiledDTensorOpsCPU) ... expected failure
test_compiled_dtensor_op_db_index_reduce_prod_cpu_float32 (__main__.TestCompiledDTensorOpsCPU) ... expected failure
test_compiled_dtensor_op_db_index_select_cpu_float32 (__main__.TestCompiledDTensorOpsCPU) ... expected failure
test_compiled_dtensor_op_db_inner_cpu_float32 (__main__.TestCompiledDTensorOpsCPU) ... ok
test_compiled_dtensor_op_db_int_cpu_float32 (__main__.TestCompiledDTensorOpsCPU) ... ok
test_compiled_dtensor_op_db_isclose_cpu_float32 (__main__.TestCompiledDTensorOpsCPU) ... skipped 'Skipped!'
test_compiled_dtensor_op_db_isfinite_cpu_float32 (__main__.TestCompiledDTensorOpsCPU) ... ok
test_compiled_dtensor_op_db_isin_cpu_float32 (__main__.TestCompiledDTensorOpsCPU) ... expected failure
test_compiled_dtensor_op_db_isinf_cpu_float32 (__main__.TestCompiledDTensorOpsCPU) ... ok
test_compiled_dtensor_op_db_isnan_cpu_float32 (__main__.TestCompiledDTensorOpsCPU) ... ok
test_compiled_dtensor_op_db_isneginf_cpu_float32 (__main__.TestCompiledDTensorOpsCPU) ... ok
test_compiled_dtensor_op_db_isposinf_cpu_float32 (__main__.TestCompiledDTensorOpsCPU) ... ok
test_compiled_dtensor_op_db_isreal_cpu_float32 (__main__.TestCompiledDTensorOpsCPU) ... skipped 'Skipped!'
test_compiled_dtensor_op_db_item_cpu_float32 (__main__.TestCompiledDTensorOpsCPU) ... expected failure
test_compiled_dtensor_op_db_jiterator_2inputs_2outputs_cpu_float32 (__main__.TestCompiledDTensorOpsCPU) ... skipped 'Only runs on cuda'
test_compiled_dtensor_op_db_jiterator_4inputs_with_extra_args_cpu_float32 (__main__.TestCompiledDTensorOpsCPU) ... skipped 'Only runs on cuda'
test_compiled_dtensor_op_db_jiterator_binary_cpu_float32 (__main__.TestCompiledDTensorOpsCPU) ... skipped 'Only runs on cuda'
test_compiled_dtensor_op_db_jiterator_binary_return_by_ref_cpu_float32 (__main__.TestCompiledDTensorOpsCPU) ... skipped 'Only runs on cuda'
test_compiled_dtensor_op_db_jiterator_unary_cpu_float32 (__main__.TestCompiledDTensorOpsCPU) ... skipped 'Only runs on cuda'
test_compiled_dtensor_op_db_kron_cpu_float32 (__main__.TestCompiledDTensorOpsCPU) ... expected failure
test_compiled_dtensor_op_db_kthvalue_cpu_float32 (__main__.TestCompiledDTensorOpsCPU) ... expected failure
test_compiled_dtensor_op_db_ldexp_cpu_float32 (__main__.TestCompiledDTensorOpsCPU) ... ok
test_compiled_dtensor_op_db_le_cpu_float32 (__main__.TestCompiledDTensorOpsCPU) ... ok
test_compiled_dtensor_op_db_lerp_cpu_float32 (__main__.TestCompiledDTensorOpsCPU) ... ok
test_compiled_dtensor_op_db_lgamma_cpu_float32 (__main__.TestCompiledDTensorOpsCPU) ... ok
test_compiled_dtensor_op_db_linalg_cholesky_cpu_float32 (__main__.TestCompiledDTensorOpsCPU) ... expected failure
test_compiled_dtensor_op_db_linalg_cholesky_ex_cpu_float32 (__main__.TestCompiledDTensorOpsCPU) ... expected failure
test_compiled_dtensor_op_db_linalg_cond_cpu_float32 (__main__.TestCompiledDTensorOpsCPU) ... ok
test_compiled_dtensor_op_db_linalg_cross_cpu_float32 (__main__.TestCompiledDTensorOpsCPU) ... expected failure
test_compiled_dtensor_op_db_linalg_det_cpu_float32 (__main__.TestCompiledDTensorOpsCPU) ... expected failure
test_compiled_dtensor_op_db_linalg_diagonal_cpu_float32 (__main__.TestCompiledDTensorOpsCPU) ... expected failure
test_compiled_dtensor_op_db_linalg_eig_cpu_float32 (__main__.TestCompiledDTensorOpsCPU) ... expected failure
test_compiled_dtensor_op_db_linalg_eigh_cpu_float32 (__main__.TestCompiledDTensorOpsCPU) ... ok
test_compiled_dtensor_op_db_linalg_eigvals_cpu_float32 (__main__.TestCompiledDTensorOpsCPU) ... expected failure
test_compiled_dtensor_op_db_linalg_eigvalsh_cpu_float32 (__main__.TestCompiledDTensorOpsCPU) ... ok
test_compiled_dtensor_op_db_linalg_householder_product_cpu_float32 (__main__.TestCompiledDTensorOpsCPU) ... expected failure
test_compiled_dtensor_op_db_linalg_inv_cpu_float32 (__main__.TestCompiledDTensorOpsCPU) ... expected failure
test_compiled_dtensor_op_db_linalg_inv_ex_cpu_float32 (__main__.TestCompiledDTensorOpsCPU) ... expected failure
test_compiled_dtensor_op_db_linalg_ldl_factor_cpu_float32 (__main__.TestCompiledDTensorOpsCPU) ... expected failure
test_compiled_dtensor_op_db_linalg_ldl_factor_ex_cpu_float32 (__main__.TestCompiledDTensorOpsCPU) ... expected failure
test_compiled_dtensor_op_db_linalg_ldl_solve_cpu_float32 (__main__.TestCompiledDTensorOpsCPU) ... expected failure
test_compiled_dtensor_op_db_linalg_lstsq_cpu_float32 (__main__.TestCompiledDTensorOpsCPU) ... expected failure
test_compiled_dtensor_op_db_linalg_lstsq_grad_oriented_cpu_float32 (__main__.TestCompiledDTensorOpsCPU) ... expected failure
test_compiled_dtensor_op_db_linalg_lu_cpu_float32 (__main__.TestCompiledDTensorOpsCPU) ... expected failure
test_compiled_dtensor_op_db_linalg_lu_factor_cpu_float32 (__main__.TestCompiledDTensorOpsCPU) ... expected failure
test_compiled_dtensor_op_db_linalg_lu_factor_ex_cpu_float32 (__main__.TestCompiledDTensorOpsCPU) ... expected failure
test_compiled_dtensor_op_db_linalg_lu_solve_cpu_float32 (__main__.TestCompiledDTensorOpsCPU) ... expected failure
test_compiled_dtensor_op_db_linalg_matrix_norm_cpu_float32 (__main__.TestCompiledDTensorOpsCPU) ... ok
test_compiled_dtensor_op_db_linalg_matrix_power_cpu_float32 (__main__.TestCompiledDTensorOpsCPU) ... expected failure
test_compiled_dtensor_op_db_linalg_matrix_rank_cpu_float32 (__main__.TestCompiledDTensorOpsCPU) ... ok
test_compiled_dtensor_op_db_linalg_matrix_rank_hermitian_cpu_float32 (__main__.TestCompiledDTensorOpsCPU) ... ok
test_compiled_dtensor_op_db_linalg_multi_dot_cpu_float32 (__main__.TestCompiledDTensorOpsCPU) ... ok
test_compiled_dtensor_op_db_linalg_norm_cpu_float32 (__main__.TestCompiledDTensorOpsCPU) ... ok
test_compiled_dtensor_op_db_linalg_norm_subgradients_at_zero_cpu_float32 (__main__.TestCompiledDTensorOpsCPU) ... ok
test_compiled_dtensor_op_db_linalg_pinv_cpu_float32 (__main__.TestCompiledDTensorOpsCPU) ... expected failure
test_compiled_dtensor_op_db_linalg_pinv_hermitian_cpu_float32 (__main__.TestCompiledDTensorOpsCPU) ... expected failure
test_compiled_dtensor_op_db_linalg_pinv_singular_cpu_float32 (__main__.TestCompiledDTensorOpsCPU) ... skipped 'test is slow; run with PYTORCH_TEST_WITH_SLOW to enable test'
test_compiled_dtensor_op_db_linalg_qr_cpu_float32 (__main__.TestCompiledDTensorOpsCPU) ... ok
test_compiled_dtensor_op_db_linalg_slogdet_cpu_float32 (__main__.TestCompiledDTensorOpsCPU) ... expected failure
test_compiled_dtensor_op_db_linalg_solve_cpu_float32 (__main__.TestCompiledDTensorOpsCPU) ... expected failure
test_compiled_dtensor_op_db_linalg_solve_ex_cpu_float32 (__main__.TestCompiledDTensorOpsCPU) ... expected failure
test_compiled_dtensor_op_db_linalg_solve_triangular_cpu_float32 (__main__.TestCompiledDTensorOpsCPU) ... expected failure
test_compiled_dtensor_op_db_linalg_svd_cpu_float32 (__main__.TestCompiledDTensorOpsCPU) ... ok
test_compiled_dtensor_op_db_linalg_svdvals_cpu_float32 (__main__.TestCompiledDTensorOpsCPU) ... ok
test_compiled_dtensor_op_db_linalg_tensorinv_cpu_float32 (__main__.TestCompiledDTensorOpsCPU) ... expected failure
test_compiled_dtensor_op_db_linalg_tensorsolve_cpu_float32 (__main__.TestCompiledDTensorOpsCPU) ... expected failure
test_compiled_dtensor_op_db_linalg_vander_cpu_float32 (__main__.TestCompiledDTensorOpsCPU) ... expected failure
test_compiled_dtensor_op_db_linalg_vecdot_cpu_float32 (__main__.TestCompiledDTensorOpsCPU) ... ok
test_compiled_dtensor_op_db_linalg_vector_norm_cpu_float32 (__main__.TestCompiledDTensorOpsCPU) ... ok
test_compiled_dtensor_op_db_linspace_cpu_float32 (__main__.TestCompiledDTensorOpsCPU) ... ok
test_compiled_dtensor_op_db_linspace_tensor_overload_cpu_float32 (__main__.TestCompiledDTensorOpsCPU) ... expected failure
test_compiled_dtensor_op_db_log10_cpu_float32 (__main__.TestCompiledDTensorOpsCPU) ... ok
test_compiled_dtensor_op_db_log1p_cpu_float32 (__main__.TestCompiledDTensorOpsCPU) ... ok
test_compiled_dtensor_op_db_log2_cpu_float32 (__main__.TestCompiledDTensorOpsCPU) ... ok
test_compiled_dtensor_op_db_log_cpu_float32 (__main__.TestCompiledDTensorOpsCPU) ... ok
test_compiled_dtensor_op_db_log_normal_cpu_float32 (__main__.TestCompiledDTensorOpsCPU) ... expected failure
test_compiled_dtensor_op_db_log_softmax_cpu_float32 (__main__.TestCompiledDTensorOpsCPU) ... ok
test_compiled_dtensor_op_db_log_softmax_with_dtype_cpu_float32 (__main__.TestCompiledDTensorOpsCPU) ... ok
test_compiled_dtensor_op_db_logaddexp2_cpu_float32 (__main__.TestCompiledDTensorOpsCPU) ... ok
test_compiled_dtensor_op_db_logaddexp_cpu_float32 (__main__.TestCompiledDTensorOpsCPU) ... ok
test_compiled_dtensor_op_db_logcumsumexp_cpu_float32 (__main__.TestCompiledDTensorOpsCPU) ... expected failure
test_compiled_dtensor_op_db_logdet_cpu_float32 (__main__.TestCompiledDTensorOpsCPU) ... expected failure
test_compiled_dtensor_op_db_logical_and_cpu_float32 (__main__.TestCompiledDTensorOpsCPU) ... ok
test_compiled_dtensor_op_db_logical_not_cpu_float32 (__main__.TestCompiledDTensorOpsCPU) ... ok
test_compiled_dtensor_op_db_logical_or_cpu_float32 (__main__.TestCompiledDTensorOpsCPU) ... ok
test_compiled_dtensor_op_db_logical_xor_cpu_float32 (__main__.TestCompiledDTensorOpsCPU) ... ok
test_compiled_dtensor_op_db_logit_cpu_float32 (__main__.TestCompiledDTensorOpsCPU) ... ok
test_compiled_dtensor_op_db_logspace_cpu_float32 (__main__.TestCompiledDTensorOpsCPU) ... ok
test_compiled_dtensor_op_db_logspace_tensor_overload_cpu_float32 (__main__.TestCompiledDTensorOpsCPU) ... expected failure
test_compiled_dtensor_op_db_logsumexp_cpu_float32 (__main__.TestCompiledDTensorOpsCPU) ... expected failure
test_compiled_dtensor_op_db_long_cpu_float32 (__main__.TestCompiledDTensorOpsCPU) ... ok
test_compiled_dtensor_op_db_lt_cpu_float32 (__main__.TestCompiledDTensorOpsCPU) ... ok
test_compiled_dtensor_op_db_lu_cpu_float32 (__main__.TestCompiledDTensorOpsCPU) ... expected failure
test_compiled_dtensor_op_db_lu_solve_cpu_float32 (__main__.TestCompiledDTensorOpsCPU) ... expected failure
test_compiled_dtensor_op_db_lu_unpack_cpu_float32 (__main__.TestCompiledDTensorOpsCPU) ... expected failure
test_compiled_dtensor_op_db_mH_cpu_float32 (__main__.TestCompiledDTensorOpsCPU) ... ok
test_compiled_dtensor_op_db_mT_cpu_float32 (__main__.TestCompiledDTensorOpsCPU) ... ok
test_compiled_dtensor_op_db_masked_amax_cpu_float32 (__main__.TestCompiledDTensorOpsCPU) ... ok
test_compiled_dtensor_op_db_masked_amin_cpu_float32 (__main__.TestCompiledDTensorOpsCPU) ... ok
test_compiled_dtensor_op_db_masked_argmax_cpu_float32 (__main__.TestCompiledDTensorOpsCPU) ... ok
test_compiled_dtensor_op_db_masked_argmin_cpu_float32 (__main__.TestCompiledDTensorOpsCPU) ... ok
test_compiled_dtensor_op_db_masked_cumprod_cpu_float32 (__main__.TestCompiledDTensorOpsCPU) ... expected failure
test_compiled_dtensor_op_db_masked_cumsum_cpu_float32 (__main__.TestCompiledDTensorOpsCPU) ... ok
test_compiled_dtensor_op_db_masked_fill_cpu_float32 (__main__.TestCompiledDTensorOpsCPU) ... ok
test_compiled_dtensor_op_db_masked_log_softmax_cpu_float32 (__main__.TestCompiledDTensorOpsCPU) ... ok
test_compiled_dtensor_op_db_masked_logaddexp_cpu_float32 (__main__.TestCompiledDTensorOpsCPU) ... ok
test_compiled_dtensor_op_db_masked_logsumexp_cpu_float32 (__main__.TestCompiledDTensorOpsCPU) ... expected failure
test_compiled_dtensor_op_db_masked_mean_cpu_float32 (__main__.TestCompiledDTensorOpsCPU) ... skipped 'Skipped!'
test_compiled_dtensor_op_db_masked_median_cpu_float32 (__main__.TestCompiledDTensorOpsCPU) ... expected failure
test_compiled_dtensor_op_db_masked_norm_cpu_float32 (__main__.TestCompiledDTensorOpsCPU) ... ok
test_compiled_dtensor_op_db_masked_normalize_cpu_float32 (__main__.TestCompiledDTensorOpsCPU) ... skipped 'Skipped!'
test_compiled_dtensor_op_db_masked_prod_cpu_float32 (__main__.TestCompiledDTensorOpsCPU) ... ok
test_compiled_dtensor_op_db_masked_scatter_cpu_float32 (__main__.TestCompiledDTensorOpsCPU) ... expected failure
test_compiled_dtensor_op_db_masked_select_cpu_float32 (__main__.TestCompiledDTensorOpsCPU) ... expected failure
test_compiled_dtensor_op_db_masked_softmax_cpu_float32 (__main__.TestCompiledDTensorOpsCPU) ... ok
test_compiled_dtensor_op_db_masked_softmin_cpu_float32 (__main__.TestCompiledDTensorOpsCPU) ... ok
test_compiled_dtensor_op_db_masked_std_cpu_float32 (__main__.TestCompiledDTensorOpsCPU) ... skipped 'Skipped!'
test_compiled_dtensor_op_db_masked_sum_cpu_float32 (__main__.TestCompiledDTensorOpsCPU) ... ok
test_compiled_dtensor_op_db_masked_var_cpu_float32 (__main__.TestCompiledDTensorOpsCPU) ... skipped 'Skipped!'
test_compiled_dtensor_op_db_matmul_cpu_float32 (__main__.TestCompiledDTensorOpsCPU) ... skipped 'Skipped!'
test_compiled_dtensor_op_db_matrix_exp_cpu_float32 (__main__.TestCompiledDTensorOpsCPU) ... expected failure
test_compiled_dtensor_op_db_max_binary_cpu_float32 (__main__.TestCompiledDTensorOpsCPU) ... ok
test_compiled_dtensor_op_db_max_pool2d_with_indices_backward_cpu_float32 (__main__.TestCompiledDTensorOpsCPU) ... expected failure
test_compiled_dtensor_op_db_max_reduction_no_dim_cpu_float32 (__main__.TestCompiledDTensorOpsCPU) ... ok
test_compiled_dtensor_op_db_max_reduction_with_dim_cpu_float32 (__main__.TestCompiledDTensorOpsCPU) ... expected failure
test_compiled_dtensor_op_db_maximum_cpu_float32 (__main__.TestCompiledDTensorOpsCPU) ... ok
test_compiled_dtensor_op_db_mean_cpu_float32 (__main__.TestCompiledDTensorOpsCPU) ... ok
test_compiled_dtensor_op_db_median_cpu_float32 (__main__.TestCompiledDTensorOpsCPU) ... expected failure
test_compiled_dtensor_op_db_meshgrid_list_of_tensors_cpu_float32 (__main__.TestCompiledDTensorOpsCPU) ... skipped 'Skipped!'
test_compiled_dtensor_op_db_meshgrid_variadic_tensors_cpu_float32 (__main__.TestCompiledDTensorOpsCPU) ... skipped 'Skipped!'
test_compiled_dtensor_op_db_min_binary_cpu_float32 (__main__.TestCompiledDTensorOpsCPU) ... ok
test_compiled_dtensor_op_db_min_reduction_no_dim_cpu_float32 (__main__.TestCompiledDTensorOpsCPU) ... ok
test_compiled_dtensor_op_db_min_reduction_with_dim_cpu_float32 (__main__.TestCompiledDTensorOpsCPU) ... expected failure
test_compiled_dtensor_op_db_minimum_cpu_float32 (__main__.TestCompiledDTensorOpsCPU) ... ok
test_compiled_dtensor_op_db_mm_cpu_float32 (__main__.TestCompiledDTensorOpsCPU) ... ok
test_compiled_dtensor_op_db_mode_cpu_float32 (__main__.TestCompiledDTensorOpsCPU) ... expected failure
test_compiled_dtensor_op_db_movedim_cpu_float32 (__main__.TestCompiledDTensorOpsCPU) ... expected failure
test_compiled_dtensor_op_db_msort_cpu_float32 (__main__.TestCompiledDTensorOpsCPU) ... ok
test_compiled_dtensor_op_db_mul_cpu_float32 (__main__.TestCompiledDTensorOpsCPU) ... ok
test_compiled_dtensor_op_db_multinomial_cpu_float32 (__main__.TestCompiledDTensorOpsCPU) ... expected failure
test_compiled_dtensor_op_db_mv_cpu_float32 (__main__.TestCompiledDTensorOpsCPU) ... ok
test_compiled_dtensor_op_db_mvlgamma_mvlgamma_p_1_cpu_float32 (__main__.TestCompiledDTensorOpsCPU) ... ok
test_compiled_dtensor_op_db_mvlgamma_mvlgamma_p_3_cpu_float32 (__main__.TestCompiledDTensorOpsCPU) ... ok
test_compiled_dtensor_op_db_mvlgamma_mvlgamma_p_5_cpu_float32 (__main__.TestCompiledDTensorOpsCPU) ... ok
test_compiled_dtensor_op_db_nan_to_num_cpu_float32 (__main__.TestCompiledDTensorOpsCPU) ... ok
test_compiled_dtensor_op_db_nanmean_cpu_float32 (__main__.TestCompiledDTensorOpsCPU) ... expected failure
test_compiled_dtensor_op_db_nanmedian_cpu_float32 (__main__.TestCompiledDTensorOpsCPU) ... expected failure
test_compiled_dtensor_op_db_nanquantile_cpu_float32 (__main__.TestCompiledDTensorOpsCPU) ... expected failure
test_compiled_dtensor_op_db_nansum_cpu_float32 (__main__.TestCompiledDTensorOpsCPU) ... expected failure
test_compiled_dtensor_op_db_narrow_copy_cpu_float32 (__main__.TestCompiledDTensorOpsCPU) ... ok
test_compiled_dtensor_op_db_narrow_cpu_float32 (__main__.TestCompiledDTensorOpsCPU) ... expected failure
test_compiled_dtensor_op_db_native_batch_norm_cpu_float32 (__main__.TestCompiledDTensorOpsCPU) ... expected failure
test_compiled_dtensor_op_db_native_dropout_backward_cpu_float32 (__main__.TestCompiledDTensorOpsCPU) ... ok
test_compiled_dtensor_op_db_native_layer_norm_cpu_float32 (__main__.TestCompiledDTensorOpsCPU) ... ok
test_compiled_dtensor_op_db_ne_cpu_float32 (__main__.TestCompiledDTensorOpsCPU) ... ok
test_compiled_dtensor_op_db_neg_cpu_float32 (__main__.TestCompiledDTensorOpsCPU) ... ok
test_compiled_dtensor_op_db_new_empty_cpu_float32 (__main__.TestCompiledDTensorOpsCPU) ... skipped 'Skipped!'
test_compiled_dtensor_op_db_new_empty_strided_cpu_float32 (__main__.TestCompiledDTensorOpsCPU) ... skipped 'Skipped!'
test_compiled_dtensor_op_db_new_full_cpu_float32 (__main__.TestCompiledDTensorOpsCPU) ... ok
test_compiled_dtensor_op_db_new_ones_cpu_float32 (__main__.TestCompiledDTensorOpsCPU) ... ok
test_compiled_dtensor_op_db_new_zeros_cpu_float32 (__main__.TestCompiledDTensorOpsCPU) ... ok
test_compiled_dtensor_op_db_nextafter_cpu_float32 (__main__.TestCompiledDTensorOpsCPU) ... ok
test_compiled_dtensor_op_db_nn_functional_adaptive_avg_pool1d_cpu_float32 (__main__.TestCompiledDTensorOpsCPU) ... expected failure
test_compiled_dtensor_op_db_nn_functional_adaptive_avg_pool2d_cpu_float32 (__main__.TestCompiledDTensorOpsCPU) ... expected failure
test_compiled_dtensor_op_db_nn_functional_adaptive_avg_pool3d_cpu_float32 (__main__.TestCompiledDTensorOpsCPU) ... expected failure
test_compiled_dtensor_op_db_nn_functional_adaptive_max_pool1d_cpu_float32 (__main__.TestCompiledDTensorOpsCPU) ... expected failure
test_compiled_dtensor_op_db_nn_functional_adaptive_max_pool2d_cpu_float32 (__main__.TestCompiledDTensorOpsCPU) ... expected failure
test_compiled_dtensor_op_db_nn_functional_adaptive_max_pool3d_cpu_float32 (__main__.TestCompiledDTensorOpsCPU) ... expected failure
test_compiled_dtensor_op_db_nn_functional_alpha_dropout_cpu_float32 (__main__.TestCompiledDTensorOpsCPU) ... expected failure
test_compiled_dtensor_op_db_nn_functional_avg_pool1d_cpu_float32 (__main__.TestCompiledDTensorOpsCPU) ... expected failure
test_compiled_dtensor_op_db_nn_functional_avg_pool2d_cpu_float32 (__main__.TestCompiledDTensorOpsCPU) ... expected failure
test_compiled_dtensor_op_db_nn_functional_avg_pool3d_cpu_float32 (__main__.TestCompiledDTensorOpsCPU) ... expected failure
test_compiled_dtensor_op_db_nn_functional_batch_norm_cpu_float32 (__main__.TestCompiledDTensorOpsCPU) ... expected failure
test_compiled_dtensor_op_db_nn_functional_bilinear_cpu_float32 (__main__.TestCompiledDTensorOpsCPU) ... expected failure
test_compiled_dtensor_op_db_nn_functional_binary_cross_entropy_cpu_float32 (__main__.TestCompiledDTensorOpsCPU) ... expected failure
test_compiled_dtensor_op_db_nn_functional_binary_cross_entropy_with_logits_cpu_float32 (__main__.TestCompiledDTensorOpsCPU) ... expected failure
test_compiled_dtensor_op_db_nn_functional_celu_cpu_float32 (__main__.TestCompiledDTensorOpsCPU) ... ok
test_compiled_dtensor_op_db_nn_functional_channel_shuffle_cpu_float32 (__main__.TestCompiledDTensorOpsCPU) ... ok
test_compiled_dtensor_op_db_nn_functional_conv1d_cpu_float32 (__main__.TestCompiledDTensorOpsCPU) ... expected failure
test_compiled_dtensor_op_db_nn_functional_conv2d_cpu_float32 (__main__.TestCompiledDTensorOpsCPU) ... expected failure
test_compiled_dtensor_op_db_nn_functional_conv3d_cpu_float32 (__main__.TestCompiledDTensorOpsCPU) ... expected failure
test_compiled_dtensor_op_db_nn_functional_conv_transpose1d_cpu_float32 (__main__.TestCompiledDTensorOpsCPU) ... expected failure
test_compiled_dtensor_op_db_nn_functional_conv_transpose2d_cpu_float32 (__main__.TestCompiledDTensorOpsCPU) ... expected failure
test_compiled_dtensor_op_db_nn_functional_conv_transpose3d_cpu_float32 (__main__.TestCompiledDTensorOpsCPU) ... expected failure
test_compiled_dtensor_op_db_nn_functional_cosine_embedding_loss_cpu_float32 (__main__.TestCompiledDTensorOpsCPU) ... skipped 'Skipped!'
test_compiled_dtensor_op_db_nn_functional_cosine_similarity_cpu_float32 (__main__.TestCompiledDTensorOpsCPU) ... expected failure
test_compiled_dtensor_op_db_nn_functional_cross_entropy_cpu_float32 (__main__.TestCompiledDTensorOpsCPU) ... ok
test_compiled_dtensor_op_db_nn_functional_ctc_loss_cpu_float32 (__main__.TestCompiledDTensorOpsCPU) ... expected failure
test_compiled_dtensor_op_db_nn_functional_dropout2d_cpu_float32 (__main__.TestCompiledDTensorOpsCPU) ... expected failure
test_compiled_dtensor_op_db_nn_functional_dropout3d_cpu_float32 (__main__.TestCompiledDTensorOpsCPU) ... expected failure
test_compiled_dtensor_op_db_nn_functional_dropout_cpu_float32 (__main__.TestCompiledDTensorOpsCPU) ... expected failure
test_compiled_dtensor_op_db_nn_functional_elu_cpu_float32 (__main__.TestCompiledDTensorOpsCPU) ... ok
test_compiled_dtensor_op_db_nn_functional_embedding_bag_cpu_float32 (__main__.TestCompiledDTensorOpsCPU) ... skipped 'Skipped!'
test_compiled_dtensor_op_db_nn_functional_embedding_cpu_float32 (__main__.TestCompiledDTensorOpsCPU) ... skipped 'Skipped!'
test_compiled_dtensor_op_db_nn_functional_feature_alpha_dropout_with_train_cpu_float32 (__main__.TestCompiledDTensorOpsCPU) ... skipped 'Skipped!'
test_compiled_dtensor_op_db_nn_functional_feature_alpha_dropout_without_train_cpu_float32 (__main__.TestCompiledDTensorOpsCPU) ... skipped 'Skipped!'
test_compiled_dtensor_op_db_nn_functional_fractional_max_pool2d_cpu_float32 (__main__.TestCompiledDTensorOpsCPU) ... expected failure
test_compiled_dtensor_op_db_nn_functional_fractional_max_pool3d_cpu_float32 (__main__.TestCompiledDTensorOpsCPU) ... expected failure
test_compiled_dtensor_op_db_nn_functional_gaussian_nll_loss_cpu_float32 (__main__.TestCompiledDTensorOpsCPU) ... expected failure
test_compiled_dtensor_op_db_nn_functional_gelu_cpu_float32 (__main__.TestCompiledDTensorOpsCPU) ... ok
test_compiled_dtensor_op_db_nn_functional_glu_cpu_float32 (__main__.TestCompiledDTensorOpsCPU) ... ok
test_compiled_dtensor_op_db_nn_functional_grid_sample_cpu_float32 (__main__.TestCompiledDTensorOpsCPU) ... expected failure
test_compiled_dtensor_op_db_nn_functional_group_norm_cpu_float32 (__main__.TestCompiledDTensorOpsCPU) ... expected failure
test_compiled_dtensor_op_db_nn_functional_hardshrink_cpu_float32 (__main__.TestCompiledDTensorOpsCPU) ... ok
test_compiled_dtensor_op_db_nn_functional_hardsigmoid_cpu_float32 (__main__.TestCompiledDTensorOpsCPU) ... ok
test_compiled_dtensor_op_db_nn_functional_hardswish_cpu_float32 (__main__.TestCompiledDTensorOpsCPU) ... ok
test_compiled_dtensor_op_db_nn_functional_hardtanh_cpu_float32 (__main__.TestCompiledDTensorOpsCPU) ... ok
test_compiled_dtensor_op_db_nn_functional_hinge_embedding_loss_cpu_float32 (__main__.TestCompiledDTensorOpsCPU) ... skipped 'Skipped!'
test_compiled_dtensor_op_db_nn_functional_huber_loss_cpu_float32 (__main__.TestCompiledDTensorOpsCPU) ... ok
test_compiled_dtensor_op_db_nn_functional_instance_norm_cpu_float32 (__main__.TestCompiledDTensorOpsCPU) ... expected failure
test_compiled_dtensor_op_db_nn_functional_interpolate_area_cpu_float32 (__main__.TestCompiledDTensorOpsCPU) ... expected failure
test_compiled_dtensor_op_db_nn_functional_interpolate_bicubic_cpu_float32 (__main__.TestCompiledDTensorOpsCPU) ... expected failure
test_compiled_dtensor_op_db_nn_functional_interpolate_bilinear_cpu_float32 (__main__.TestCompiledDTensorOpsCPU) ... expected failure
test_compiled_dtensor_op_db_nn_functional_interpolate_linear_cpu_float32 (__main__.TestCompiledDTensorOpsCPU) ... expected failure
test_compiled_dtensor_op_db_nn_functional_interpolate_nearest-exact_cpu_float32 (__main__.TestCompiledDTensorOpsCPU) ... expected failure
test_compiled_dtensor_op_db_nn_functional_interpolate_nearest_cpu_float32 (__main__.TestCompiledDTensorOpsCPU) ... expected failure
test_compiled_dtensor_op_db_nn_functional_interpolate_trilinear_cpu_float32 (__main__.TestCompiledDTensorOpsCPU) ... expected failure
test_compiled_dtensor_op_db_nn_functional_kl_div_cpu_float32 (__main__.TestCompiledDTensorOpsCPU) ... ok
test_compiled_dtensor_op_db_nn_functional_l1_loss_cpu_float32 (__main__.TestCompiledDTensorOpsCPU) ... ok
test_compiled_dtensor_op_db_nn_functional_layer_norm_cpu_float32 (__main__.TestCompiledDTensorOpsCPU) ... ok
test_compiled_dtensor_op_db_nn_functional_leaky_relu_cpu_float32 (__main__.TestCompiledDTensorOpsCPU) ... ok
test_compiled_dtensor_op_db_nn_functional_linear_cpu_float32 (__main__.TestCompiledDTensorOpsCPU) ... ok
test_compiled_dtensor_op_db_nn_functional_local_response_norm_cpu_float32 (__main__.TestCompiledDTensorOpsCPU) ... expected failure
test_compiled_dtensor_op_db_nn_functional_logsigmoid_cpu_float32 (__main__.TestCompiledDTensorOpsCPU) ... expected failure
test_compiled_dtensor_op_db_nn_functional_margin_ranking_loss_cpu_float32 (__main__.TestCompiledDTensorOpsCPU) ... expected failure
test_compiled_dtensor_op_db_nn_functional_max_pool1d_cpu_float32 (__main__.TestCompiledDTensorOpsCPU) ... expected failure
test_compiled_dtensor_op_db_nn_functional_max_pool2d_cpu_float32 (__main__.TestCompiledDTensorOpsCPU) ... expected failure
test_compiled_dtensor_op_db_nn_functional_max_pool3d_cpu_float32 (__main__.TestCompiledDTensorOpsCPU) ... expected failure
test_compiled_dtensor_op_db_nn_functional_max_unpool1d_cpu_float32 (__main__.TestCompiledDTensorOpsCPU) ... expected failure
test_compiled_dtensor_op_db_nn_functional_max_unpool1d_grad_cpu_float32 (__main__.TestCompiledDTensorOpsCPU) ... expected failure
test_compiled_dtensor_op_db_nn_functional_max_unpool2d_cpu_float32 (__main__.TestCompiledDTensorOpsCPU) ... expected failure
test_compiled_dtensor_op_db_nn_functional_max_unpool2d_grad_cpu_float32 (__main__.TestCompiledDTensorOpsCPU) ... expected failure
test_compiled_dtensor_op_db_nn_functional_max_unpool3d_cpu_float32 (__main__.TestCompiledDTensorOpsCPU) ... expected failure
test_compiled_dtensor_op_db_nn_functional_max_unpool3d_grad_cpu_float32 (__main__.TestCompiledDTensorOpsCPU) ... expected failure
test_compiled_dtensor_op_db_nn_functional_mish_cpu_float32 (__main__.TestCompiledDTensorOpsCPU) ... ok
test_compiled_dtensor_op_db_nn_functional_mse_loss_cpu_float32 (__main__.TestCompiledDTensorOpsCPU) ... ok
test_compiled_dtensor_op_db_nn_functional_multi_head_attention_forward_cpu_float32 (__main__.TestCompiledDTensorOpsCPU) ... skipped 'Skipped!'
test_compiled_dtensor_op_db_nn_functional_multi_margin_loss_cpu_float32 (__main__.TestCompiledDTensorOpsCPU) ... expected failure
test_compiled_dtensor_op_db_nn_functional_multilabel_margin_loss_cpu_float32 (__main__.TestCompiledDTensorOpsCPU) ... expected failure
test_compiled_dtensor_op_db_nn_functional_multilabel_soft_margin_loss_cpu_float32 (__main__.TestCompiledDTensorOpsCPU) ... expected failure
test_compiled_dtensor_op_db_nn_functional_nll_loss_cpu_float32 (__main__.TestCompiledDTensorOpsCPU) ... ok
test_compiled_dtensor_op_db_nn_functional_normalize_cpu_float32 (__main__.TestCompiledDTensorOpsCPU) ... ok
test_compiled_dtensor_op_db_nn_functional_pad_circular_cpu_float32 (__main__.TestCompiledDTensorOpsCPU) ... ok
test_compiled_dtensor_op_db_nn_functional_pad_constant_cpu_float32 (__main__.TestCompiledDTensorOpsCPU) ... ok
test_compiled_dtensor_op_db_nn_functional_pad_reflect_cpu_float32 (__main__.TestCompiledDTensorOpsCPU) ... expected failure
test_compiled_dtensor_op_db_nn_functional_pad_replicate_cpu_float32 (__main__.TestCompiledDTensorOpsCPU) ... expected failure
test_compiled_dtensor_op_db_nn_functional_pad_replicate_negative_cpu_float32 (__main__.TestCompiledDTensorOpsCPU) ... expected failure
test_compiled_dtensor_op_db_nn_functional_pairwise_distance_cpu_float32 (__main__.TestCompiledDTensorOpsCPU) ... ok
test_compiled_dtensor_op_db_nn_functional_pdist_cpu_float32 (__main__.TestCompiledDTensorOpsCPU) ... expected failure
test_compiled_dtensor_op_db_nn_functional_pixel_shuffle_cpu_float32 (__main__.TestCompiledDTensorOpsCPU) ... ok
test_compiled_dtensor_op_db_nn_functional_pixel_unshuffle_cpu_float32 (__main__.TestCompiledDTensorOpsCPU) ... ok
test_compiled_dtensor_op_db_nn_functional_poisson_nll_loss_cpu_float32 (__main__.TestCompiledDTensorOpsCPU) ... ok
test_compiled_dtensor_op_db_nn_functional_prelu_cpu_float32 (__main__.TestCompiledDTensorOpsCPU) ... ok
test_compiled_dtensor_op_db_nn_functional_relu6_cpu_float32 (__main__.TestCompiledDTensorOpsCPU) ... ok
test_compiled_dtensor_op_db_nn_functional_relu_cpu_float32 (__main__.TestCompiledDTensorOpsCPU) ... ok
test_compiled_dtensor_op_db_nn_functional_rms_norm_cpu_float32 (__main__.TestCompiledDTensorOpsCPU) ... ok
test_compiled_dtensor_op_db_nn_functional_rrelu_cpu_float32 (__main__.TestCompiledDTensorOpsCPU) ... expected failure
test_compiled_dtensor_op_db_nn_functional_scaled_dot_product_attention_cpu_float32 (__main__.TestCompiledDTensorOpsCPU) ... skipped 'Skipped!'
test_compiled_dtensor_op_db_nn_functional_selu_cpu_float32 (__main__.TestCompiledDTensorOpsCPU) ... ok
test_compiled_dtensor_op_db_nn_functional_silu_cpu_float32 (__main__.TestCompiledDTensorOpsCPU) ... ok
test_compiled_dtensor_op_db_nn_functional_smooth_l1_loss_cpu_float32 (__main__.TestCompiledDTensorOpsCPU) ... ok
test_compiled_dtensor_op_db_nn_functional_soft_margin_loss_cpu_float32 (__main__.TestCompiledDTensorOpsCPU) ... ok
test_compiled_dtensor_op_db_nn_functional_softmin_cpu_float32 (__main__.TestCompiledDTensorOpsCPU) ... skipped 'Skipped!'
test_compiled_dtensor_op_db_nn_functional_softmin_with_dtype_cpu_float32 (__main__.TestCompiledDTensorOpsCPU) ... ok
test_compiled_dtensor_op_db_nn_functional_softplus_cpu_float32 (__main__.TestCompiledDTensorOpsCPU) ... ok
test_compiled_dtensor_op_db_nn_functional_softshrink_cpu_float32 (__main__.TestCompiledDTensorOpsCPU) ... ok
test_compiled_dtensor_op_db_nn_functional_softsign_cpu_float32 (__main__.TestCompiledDTensorOpsCPU) ... ok
test_compiled_dtensor_op_db_nn_functional_tanhshrink_cpu_float32 (__main__.TestCompiledDTensorOpsCPU) ... ok
test_compiled_dtensor_op_db_nn_functional_threshold_cpu_float32 (__main__.TestCompiledDTensorOpsCPU) ... expected failure
test_compiled_dtensor_op_db_nn_functional_triplet_margin_loss_cpu_float32 (__main__.TestCompiledDTensorOpsCPU) ... ok
test_compiled_dtensor_op_db_nn_functional_triplet_margin_with_distance_loss_cpu_float32 (__main__.TestCompiledDTensorOpsCPU) ... ok
test_compiled_dtensor_op_db_nn_functional_unfold_cpu_float32 (__main__.TestCompiledDTensorOpsCPU) ... expected failure
test_compiled_dtensor_op_db_nn_functional_upsample_bilinear_cpu_float32 (__main__.TestCompiledDTensorOpsCPU) ... expected failure
test_compiled_dtensor_op_db_nn_functional_upsample_nearest_cpu_float32 (__main__.TestCompiledDTensorOpsCPU) ... expected failure
test_compiled_dtensor_op_db_nonzero_cpu_float32 (__main__.TestCompiledDTensorOpsCPU) ... expected failure
test_compiled_dtensor_op_db_nonzero_static_cpu_float32 (__main__.TestCompiledDTensorOpsCPU) ... expected failure
test_compiled_dtensor_op_db_norm_cpu_float32 (__main__.TestCompiledDTensorOpsCPU) ... ok
test_compiled_dtensor_op_db_norm_fro_cpu_float32 (__main__.TestCompiledDTensorOpsCPU) ... ok
test_compiled_dtensor_op_db_norm_inf_cpu_float32 (__main__.TestCompiledDTensorOpsCPU) ... ok
test_compiled_dtensor_op_db_norm_nuc_cpu_float32 (__main__.TestCompiledDTensorOpsCPU) ... ok
test_compiled_dtensor_op_db_normal_cpu_float32 (__main__.TestCompiledDTensorOpsCPU) ... expected failure
test_compiled_dtensor_op_db_normal_in_place_cpu_float32 (__main__.TestCompiledDTensorOpsCPU) ... expected failure
test_compiled_dtensor_op_db_normal_number_mean_cpu_float32 (__main__.TestCompiledDTensorOpsCPU) ... expected failure
test_compiled_dtensor_op_db_ones_cpu_float32 (__main__.TestCompiledDTensorOpsCPU) ... ok
test_compiled_dtensor_op_db_ones_like_cpu_float32 (__main__.TestCompiledDTensorOpsCPU) ... ok
test_compiled_dtensor_op_db_ormqr_cpu_float32 (__main__.TestCompiledDTensorOpsCPU) ... expected failure
test_compiled_dtensor_op_db_outer_cpu_float32 (__main__.TestCompiledDTensorOpsCPU) ... ok
test_compiled_dtensor_op_db_pca_lowrank_cpu_float32 (__main__.TestCompiledDTensorOpsCPU) ... expected failure
test_compiled_dtensor_op_db_permute_copy_cpu_float32 (__main__.TestCompiledDTensorOpsCPU) ... ok
test_compiled_dtensor_op_db_permute_cpu_float32 (__main__.TestCompiledDTensorOpsCPU) ... expected failure
test_compiled_dtensor_op_db_pinverse_cpu_float32 (__main__.TestCompiledDTensorOpsCPU) ... expected failure
test_compiled_dtensor_op_db_polar_cpu_float32 (__main__.TestCompiledDTensorOpsCPU) ... expected failure
test_compiled_dtensor_op_db_polygamma_polygamma_n_0_cpu_float32 (__main__.TestCompiledDTensorOpsCPU) ... ok
test_compiled_dtensor_op_db_polygamma_polygamma_n_1_cpu_float32 (__main__.TestCompiledDTensorOpsCPU) ... ok
test_compiled_dtensor_op_db_polygamma_polygamma_n_2_cpu_float32 (__main__.TestCompiledDTensorOpsCPU) ... ok
test_compiled_dtensor_op_db_polygamma_polygamma_n_3_cpu_float32 (__main__.TestCompiledDTensorOpsCPU) ... ok
test_compiled_dtensor_op_db_polygamma_polygamma_n_4_cpu_float32 (__main__.TestCompiledDTensorOpsCPU) ... ok
test_compiled_dtensor_op_db_positive_cpu_float32 (__main__.TestCompiledDTensorOpsCPU) ... ok
test_compiled_dtensor_op_db_pow_cpu_float32 (__main__.TestCompiledDTensorOpsCPU) ... ok
test_compiled_dtensor_op_db_prod_cpu_float32 (__main__.TestCompiledDTensorOpsCPU) ... skipped 'Skipped!'
test_compiled_dtensor_op_db_put_cpu_float32 (__main__.TestCompiledDTensorOpsCPU) ... expected failure
test_compiled_dtensor_op_db_qr_cpu_float32 (__main__.TestCompiledDTensorOpsCPU) ... ok
test_compiled_dtensor_op_db_quantile_cpu_float32 (__main__.TestCompiledDTensorOpsCPU) ... expected failure
test_compiled_dtensor_op_db_rad2deg_cpu_float32 (__main__.TestCompiledDTensorOpsCPU) ... ok
test_compiled_dtensor_op_db_rand_like_cpu_float32 (__main__.TestCompiledDTensorOpsCPU) ... expected failure
test_compiled_dtensor_op_db_randint_cpu_float32 (__main__.TestCompiledDTensorOpsCPU) ... ok
test_compiled_dtensor_op_db_randint_like_cpu_float32 (__main__.TestCompiledDTensorOpsCPU) ... expected failure
test_compiled_dtensor_op_db_randn_cpu_float32 (__main__.TestCompiledDTensorOpsCPU) ... ok
test_compiled_dtensor_op_db_randn_like_cpu_float32 (__main__.TestCompiledDTensorOpsCPU) ... expected failure
test_compiled_dtensor_op_db_ravel_cpu_float32 (__main__.TestCompiledDTensorOpsCPU) ... expected failure
test_compiled_dtensor_op_db_real_cpu_float32 (__main__.TestCompiledDTensorOpsCPU) ... ok
test_compiled_dtensor_op_db_reciprocal_cpu_float32 (__main__.TestCompiledDTensorOpsCPU) ... ok
test_compiled_dtensor_op_db_remainder_cpu_float32 (__main__.TestCompiledDTensorOpsCPU) ... ok
test_compiled_dtensor_op_db_renorm_cpu_float32 (__main__.TestCompiledDTensorOpsCPU) ... expected failure
test_compiled_dtensor_op_db_repeat_cpu_float32 (__main__.TestCompiledDTensorOpsCPU) ... ok
test_compiled_dtensor_op_db_repeat_interleave_cpu_float32 (__main__.TestCompiledDTensorOpsCPU) ... expected failure
test_compiled_dtensor_op_db_reshape_as_cpu_float32 (__main__.TestCompiledDTensorOpsCPU) ... expected failure
test_compiled_dtensor_op_db_reshape_cpu_float32 (__main__.TestCompiledDTensorOpsCPU) ... expected failure
test_compiled_dtensor_op_db_resize__cpu_float32 (__main__.TestCompiledDTensorOpsCPU) ... expected failure
test_compiled_dtensor_op_db_resize_as__cpu_float32 (__main__.TestCompiledDTensorOpsCPU) ... expected failure
test_compiled_dtensor_op_db_resolve_conj_cpu_float32 (__main__.TestCompiledDTensorOpsCPU) ... ok
test_compiled_dtensor_op_db_resolve_neg_cpu_float32 (__main__.TestCompiledDTensorOpsCPU) ... ok
test_compiled_dtensor_op_db_roll_cpu_float32 (__main__.TestCompiledDTensorOpsCPU) ... expected failure
test_compiled_dtensor_op_db_rot90_cpu_float32 (__main__.TestCompiledDTensorOpsCPU) ... expected failure
test_compiled_dtensor_op_db_round_cpu_float32 (__main__.TestCompiledDTensorOpsCPU) ... ok
test_compiled_dtensor_op_db_round_decimals_0_cpu_float32 (__main__.TestCompiledDTensorOpsCPU) ... ok
test_compiled_dtensor_op_db_round_decimals_3_cpu_float32 (__main__.TestCompiledDTensorOpsCPU) ... ok
test_compiled_dtensor_op_db_round_decimals_neg_3_cpu_float32 (__main__.TestCompiledDTensorOpsCPU) ... ok
test_compiled_dtensor_op_db_rsqrt_cpu_float32 (__main__.TestCompiledDTensorOpsCPU) ... ok
test_compiled_dtensor_op_db_rsub_cpu_float32 (__main__.TestCompiledDTensorOpsCPU) ... ok
test_compiled_dtensor_op_db_scalar_tensor_cpu_float32 (__main__.TestCompiledDTensorOpsCPU) ... ok
test_compiled_dtensor_op_db_scatter_add_cpu_float32 (__main__.TestCompiledDTensorOpsCPU) ... expected failure
test_compiled_dtensor_op_db_scatter_cpu_float32 (__main__.TestCompiledDTensorOpsCPU) ... expected failure
test_compiled_dtensor_op_db_scatter_reduce_amax_cpu_float32 (__main__.TestCompiledDTensorOpsCPU) ... expected failure
test_compiled_dtensor_op_db_scatter_reduce_amin_cpu_float32 (__main__.TestCompiledDTensorOpsCPU) ... expected failure
test_compiled_dtensor_op_db_scatter_reduce_mean_cpu_float32 (__main__.TestCompiledDTensorOpsCPU) ... expected failure
test_compiled_dtensor_op_db_scatter_reduce_prod_cpu_float32 (__main__.TestCompiledDTensorOpsCPU) ... expected failure
test_compiled_dtensor_op_db_scatter_reduce_sum_cpu_float32 (__main__.TestCompiledDTensorOpsCPU) ... expected failure
test_compiled_dtensor_op_db_searchsorted_cpu_float32 (__main__.TestCompiledDTensorOpsCPU) ... expected failure
test_compiled_dtensor_op_db_select_cpu_float32 (__main__.TestCompiledDTensorOpsCPU) ... expected failure
test_compiled_dtensor_op_db_select_scatter_cpu_float32 (__main__.TestCompiledDTensorOpsCPU) ... expected failure
test_compiled_dtensor_op_db_sgn_cpu_float32 (__main__.TestCompiledDTensorOpsCPU) ... ok
test_compiled_dtensor_op_db_short_cpu_float32 (__main__.TestCompiledDTensorOpsCPU) ... ok
test_compiled_dtensor_op_db_sigmoid_cpu_float32 (__main__.TestCompiledDTensorOpsCPU) ... ok
test_compiled_dtensor_op_db_sign_cpu_float32 (__main__.TestCompiledDTensorOpsCPU) ... ok
test_compiled_dtensor_op_db_signal_windows_bartlett_cpu_float32 (__main__.TestCompiledDTensorOpsCPU) ... ok
test_compiled_dtensor_op_db_signal_windows_blackman_cpu_float32 (__main__.TestCompiledDTensorOpsCPU) ... ok
test_compiled_dtensor_op_db_signal_windows_cosine_cpu_float32 (__main__.TestCompiledDTensorOpsCPU) ... ok
test_compiled_dtensor_op_db_signal_windows_exponential_cpu_float32 (__main__.TestCompiledDTensorOpsCPU) ... ok
test_compiled_dtensor_op_db_signal_windows_gaussian_cpu_float32 (__main__.TestCompiledDTensorOpsCPU) ... ok
test_compiled_dtensor_op_db_signal_windows_general_cosine_cpu_float32 (__main__.TestCompiledDTensorOpsCPU) ... ok
test_compiled_dtensor_op_db_signal_windows_general_hamming_cpu_float32 (__main__.TestCompiledDTensorOpsCPU) ... ok
test_compiled_dtensor_op_db_signal_windows_hamming_cpu_float32 (__main__.TestCompiledDTensorOpsCPU) ... ok
test_compiled_dtensor_op_db_signal_windows_hann_cpu_float32 (__main__.TestCompiledDTensorOpsCPU) ... ok
test_compiled_dtensor_op_db_signal_windows_kaiser_cpu_float32 (__main__.TestCompiledDTensorOpsCPU) ... ok
test_compiled_dtensor_op_db_signal_windows_nuttall_cpu_float32 (__main__.TestCompiledDTensorOpsCPU) ... ok
test_compiled_dtensor_op_db_signbit_cpu_float32 (__main__.TestCompiledDTensorOpsCPU) ... ok
test_compiled_dtensor_op_db_sin_cpu_float32 (__main__.TestCompiledDTensorOpsCPU) ... ok
test_compiled_dtensor_op_db_sinc_cpu_float32 (__main__.TestCompiledDTensorOpsCPU) ... ok
test_compiled_dtensor_op_db_sinh_cpu_float32 (__main__.TestCompiledDTensorOpsCPU) ... ok
test_compiled_dtensor_op_db_slice_cpu_float32 (__main__.TestCompiledDTensorOpsCPU) ... expected failure
test_compiled_dtensor_op_db_slice_scatter_cpu_float32 (__main__.TestCompiledDTensorOpsCPU) ... ok
test_compiled_dtensor_op_db_softmax_cpu_float32 (__main__.TestCompiledDTensorOpsCPU) ... ok
test_compiled_dtensor_op_db_softmax_with_dtype_cpu_float32 (__main__.TestCompiledDTensorOpsCPU) ... ok
test_compiled_dtensor_op_db_sort_cpu_float32 (__main__.TestCompiledDTensorOpsCPU) ... ok
test_compiled_dtensor_op_db_sparse_mm_reduce_cpu_float32 (__main__.TestCompiledDTensorOpsCPU) ... ok
test_compiled_dtensor_op_db_sparse_sampled_addmm_cpu_float32 (__main__.TestCompiledDTensorOpsCPU) ... skipped 'PyTorch is built without MKL support'
test_compiled_dtensor_op_db_special_airy_ai_cpu_float32 (__main__.TestCompiledDTensorOpsCPU) ... expected failure
test_compiled_dtensor_op_db_special_bessel_j0_cpu_float32 (__main__.TestCompiledDTensorOpsCPU) ... ok
test_compiled_dtensor_op_db_special_bessel_j1_cpu_float32 (__main__.TestCompiledDTensorOpsCPU) ... ok
test_compiled_dtensor_op_db_special_bessel_y0_cpu_float32 (__main__.TestCompiledDTensorOpsCPU) ... expected failure
test_compiled_dtensor_op_db_special_bessel_y1_cpu_float32 (__main__.TestCompiledDTensorOpsCPU) ... expected failure
test_compiled_dtensor_op_db_special_chebyshev_polynomial_t_cpu_float32 (__main__.TestCompiledDTensorOpsCPU) ... expected failure
test_compiled_dtensor_op_db_special_chebyshev_polynomial_u_cpu_float32 (__main__.TestCompiledDTensorOpsCPU) ... expected failure
test_compiled_dtensor_op_db_special_chebyshev_polynomial_v_cpu_float32 (__main__.TestCompiledDTensorOpsCPU) ... expected failure
test_compiled_dtensor_op_db_special_chebyshev_polynomial_w_cpu_float32 (__main__.TestCompiledDTensorOpsCPU) ... expected failure
test_compiled_dtensor_op_db_special_entr_cpu_float32 (__main__.TestCompiledDTensorOpsCPU) ... expected failure
test_compiled_dtensor_op_db_special_erfcx_cpu_float32 (__main__.TestCompiledDTensorOpsCPU) ... ok
test_compiled_dtensor_op_db_special_hermite_polynomial_h_cpu_float32 (__main__.TestCompiledDTensorOpsCPU) ... expected failure
test_compiled_dtensor_op_db_special_hermite_polynomial_he_cpu_float32 (__main__.TestCompiledDTensorOpsCPU) ... expected failure
test_compiled_dtensor_op_db_special_i0e_cpu_float32 (__main__.TestCompiledDTensorOpsCPU) ... ok
test_compiled_dtensor_op_db_special_i1_cpu_float32 (__main__.TestCompiledDTensorOpsCPU) ... ok
test_compiled_dtensor_op_db_special_i1e_cpu_float32 (__main__.TestCompiledDTensorOpsCPU) ... ok
test_compiled_dtensor_op_db_special_laguerre_polynomial_l_cpu_float32 (__main__.TestCompiledDTensorOpsCPU) ... expected failure
test_compiled_dtensor_op_db_special_legendre_polynomial_p_cpu_float32 (__main__.TestCompiledDTensorOpsCPU) ... expected failure
test_compiled_dtensor_op_db_special_log_ndtr_cpu_float32 (__main__.TestCompiledDTensorOpsCPU) ... ok
test_compiled_dtensor_op_db_special_modified_bessel_i0_cpu_float32 (__main__.TestCompiledDTensorOpsCPU) ... expected failure
test_compiled_dtensor_op_db_special_modified_bessel_i1_cpu_float32 (__main__.TestCompiledDTensorOpsCPU) ... expected failure
test_compiled_dtensor_op_db_special_modified_bessel_k0_cpu_float32 (__main__.TestCompiledDTensorOpsCPU) ... expected failure
test_compiled_dtensor_op_db_special_modified_bessel_k1_cpu_float32 (__main__.TestCompiledDTensorOpsCPU) ... expected failure
test_compiled_dtensor_op_db_special_ndtr_cpu_float32 (__main__.TestCompiledDTensorOpsCPU) ... ok
test_compiled_dtensor_op_db_special_ndtri_cpu_float32 (__main__.TestCompiledDTensorOpsCPU) ... ok
test_compiled_dtensor_op_db_special_polygamma_special_polygamma_n_0_cpu_float32 (__main__.TestCompiledDTensorOpsCPU) ... ok
test_compiled_dtensor_op_db_special_scaled_modified_bessel_k0_cpu_float32 (__main__.TestCompiledDTensorOpsCPU) ... expected failure
test_compiled_dtensor_op_db_special_scaled_modified_bessel_k1_cpu_float32 (__main__.TestCompiledDTensorOpsCPU) ... expected failure
test_compiled_dtensor_op_db_special_shifted_chebyshev_polynomial_t_cpu_float32 (__main__.TestCompiledDTensorOpsCPU) ... expected failure
test_compiled_dtensor_op_db_special_shifted_chebyshev_polynomial_u_cpu_float32 (__main__.TestCompiledDTensorOpsCPU) ... expected failure
test_compiled_dtensor_op_db_special_shifted_chebyshev_polynomial_v_cpu_float32 (__main__.TestCompiledDTensorOpsCPU) ... expected failure
test_compiled_dtensor_op_db_special_shifted_chebyshev_polynomial_w_cpu_float32 (__main__.TestCompiledDTensorOpsCPU) ... expected failure
test_compiled_dtensor_op_db_special_spherical_bessel_j0_cpu_float32 (__main__.TestCompiledDTensorOpsCPU) ... ok
test_compiled_dtensor_op_db_special_xlog1py_cpu_float32 (__main__.TestCompiledDTensorOpsCPU) ... expected failure
test_compiled_dtensor_op_db_special_zeta_cpu_float32 (__main__.TestCompiledDTensorOpsCPU) ... ok
test_compiled_dtensor_op_db_split_cpu_float32 (__main__.TestCompiledDTensorOpsCPU) ... ok
test_compiled_dtensor_op_db_split_list_args_cpu_float32 (__main__.TestCompiledDTensorOpsCPU) ... ok
test_compiled_dtensor_op_db_split_with_sizes_copy_cpu_float32 (__main__.TestCompiledDTensorOpsCPU) ... ok
test_compiled_dtensor_op_db_split_with_sizes_cpu_float32 (__main__.TestCompiledDTensorOpsCPU) ... ok
test_compiled_dtensor_op_db_sqrt_cpu_float32 (__main__.TestCompiledDTensorOpsCPU) ... ok
test_compiled_dtensor_op_db_square_cpu_float32 (__main__.TestCompiledDTensorOpsCPU) ... ok
test_compiled_dtensor_op_db_squeeze_copy_cpu_float32 (__main__.TestCompiledDTensorOpsCPU) ... ok
test_compiled_dtensor_op_db_squeeze_cpu_float32 (__main__.TestCompiledDTensorOpsCPU) ... skipped 'Skipped!'
test_compiled_dtensor_op_db_squeeze_multiple_cpu_float32 (__main__.TestCompiledDTensorOpsCPU) ... expected failure
test_compiled_dtensor_op_db_stack_cpu_float32 (__main__.TestCompiledDTensorOpsCPU) ... ok
test_compiled_dtensor_op_db_std_cpu_float32 (__main__.TestCompiledDTensorOpsCPU) ... ok
test_compiled_dtensor_op_db_std_mean_cpu_float32 (__main__.TestCompiledDTensorOpsCPU) ... ok
test_compiled_dtensor_op_db_std_mean_unbiased_cpu_float32 (__main__.TestCompiledDTensorOpsCPU) ... ok
test_compiled_dtensor_op_db_std_unbiased_cpu_float32 (__main__.TestCompiledDTensorOpsCPU) ... ok
test_compiled_dtensor_op_db_stft_cpu_float32 (__main__.TestCompiledDTensorOpsCPU) ... expected failure
test_compiled_dtensor_op_db_sub_cpu_float32 (__main__.TestCompiledDTensorOpsCPU) ... ok
test_compiled_dtensor_op_db_sum_cpu_float32 (__main__.TestCompiledDTensorOpsCPU) ... ok
test_compiled_dtensor_op_db_sum_to_size_cpu_float32 (__main__.TestCompiledDTensorOpsCPU) ... ok
test_compiled_dtensor_op_db_svd_cpu_float32 (__main__.TestCompiledDTensorOpsCPU) ... ok
test_compiled_dtensor_op_db_svd_lowrank_cpu_float32 (__main__.TestCompiledDTensorOpsCPU) ... expected failure
test_compiled_dtensor_op_db_t_copy_cpu_float32 (__main__.TestCompiledDTensorOpsCPU) ... ok
test_compiled_dtensor_op_db_t_cpu_float32 (__main__.TestCompiledDTensorOpsCPU) ... unexpected success
test_compiled_dtensor_op_db_take_along_dim_cpu_float32 (__main__.TestCompiledDTensorOpsCPU) ... expected failure
test_compiled_dtensor_op_db_take_cpu_float32 (__main__.TestCompiledDTensorOpsCPU) ... expected failure
test_compiled_dtensor_op_db_tan_cpu_float32 (__main__.TestCompiledDTensorOpsCPU) ... ok
test_compiled_dtensor_op_db_tanh_cpu_float32 (__main__.TestCompiledDTensorOpsCPU) ... ok
test_compiled_dtensor_op_db_tensor_split_cpu_float32 (__main__.TestCompiledDTensorOpsCPU) ... expected failure
test_compiled_dtensor_op_db_tensordot_cpu_float32 (__main__.TestCompiledDTensorOpsCPU) ... ok
test_compiled_dtensor_op_db_tile_cpu_float32 (__main__.TestCompiledDTensorOpsCPU) ... ok
test_compiled_dtensor_op_db_to_cpu_float32 (__main__.TestCompiledDTensorOpsCPU) ... ok
test_compiled_dtensor_op_db_to_sparse_cpu_float32 (__main__.TestCompiledDTensorOpsCPU) ... expected failure
test_compiled_dtensor_op_db_topk_cpu_float32 (__main__.TestCompiledDTensorOpsCPU) ... ok
test_compiled_dtensor_op_db_torch_ops_aten__safe_softmax_default_cpu_float32 (__main__.TestCompiledDTensorOpsCPU) ... ok
test_compiled_dtensor_op_db_trace_cpu_float32 (__main__.TestCompiledDTensorOpsCPU) ... ok
test_compiled_dtensor_op_db_transpose_copy_cpu_float32 (__main__.TestCompiledDTensorOpsCPU) ... expected failure
test_compiled_dtensor_op_db_transpose_cpu_float32 (__main__.TestCompiledDTensorOpsCPU) ... expected failure
test_compiled_dtensor_op_db_trapezoid_cpu_float32 (__main__.TestCompiledDTensorOpsCPU) ... ok
test_compiled_dtensor_op_db_trapz_cpu_float32 (__main__.TestCompiledDTensorOpsCPU) ... ok
test_compiled_dtensor_op_db_triangular_solve_cpu_float32 (__main__.TestCompiledDTensorOpsCPU) ... expected failure
test_compiled_dtensor_op_db_tril_cpu_float32 (__main__.TestCompiledDTensorOpsCPU) ... ok
test_compiled_dtensor_op_db_triu_cpu_float32 (__main__.TestCompiledDTensorOpsCPU) ... ok
test_compiled_dtensor_op_db_true_divide_cpu_float32 (__main__.TestCompiledDTensorOpsCPU) ... ok
test_compiled_dtensor_op_db_trunc_cpu_float32 (__main__.TestCompiledDTensorOpsCPU) ... ok
test_compiled_dtensor_op_db_unbind_copy_cpu_float32 (__main__.TestCompiledDTensorOpsCPU) ... ok
test_compiled_dtensor_op_db_unbind_cpu_float32 (__main__.TestCompiledDTensorOpsCPU) ... expected failure
test_compiled_dtensor_op_db_unflatten_cpu_float32 (__main__.TestCompiledDTensorOpsCPU) ... expected failure
test_compiled_dtensor_op_db_unfold_copy_cpu_float32 (__main__.TestCompiledDTensorOpsCPU) ... expected failure
test_compiled_dtensor_op_db_unfold_cpu_float32 (__main__.TestCompiledDTensorOpsCPU) ... expected failure
test_compiled_dtensor_op_db_uniform_cpu_float32 (__main__.TestCompiledDTensorOpsCPU) ... expected failure
test_compiled_dtensor_op_db_unique_consecutive_cpu_float32 (__main__.TestCompiledDTensorOpsCPU) ... expected failure
test_compiled_dtensor_op_db_unique_cpu_float32 (__main__.TestCompiledDTensorOpsCPU) ... expected failure
test_compiled_dtensor_op_db_unsafe_chunk_cpu_float32 (__main__.TestCompiledDTensorOpsCPU) ... ok
test_compiled_dtensor_op_db_unsafe_split_cpu_float32 (__main__.TestCompiledDTensorOpsCPU) ... expected failure
test_compiled_dtensor_op_db_unsqueeze_copy_cpu_float32 (__main__.TestCompiledDTensorOpsCPU) ... ok
test_compiled_dtensor_op_db_unsqueeze_cpu_float32 (__main__.TestCompiledDTensorOpsCPU) ... expected failure
test_compiled_dtensor_op_db_var_cpu_float32 (__main__.TestCompiledDTensorOpsCPU) ... ok
test_compiled_dtensor_op_db_var_mean_cpu_float32 (__main__.TestCompiledDTensorOpsCPU) ... ok
test_compiled_dtensor_op_db_var_mean_unbiased_cpu_float32 (__main__.TestCompiledDTensorOpsCPU) ... ok
test_compiled_dtensor_op_db_var_unbiased_cpu_float32 (__main__.TestCompiledDTensorOpsCPU) ... ok
test_compiled_dtensor_op_db_vdot_cpu_float32 (__main__.TestCompiledDTensorOpsCPU) ... ok
test_compiled_dtensor_op_db_view_as_complex_cpu_float32 (__main__.TestCompiledDTensorOpsCPU) ... ok
test_compiled_dtensor_op_db_view_as_cpu_float32 (__main__.TestCompiledDTensorOpsCPU) ... expected failure
test_compiled_dtensor_op_db_view_copy_cpu_float32 (__main__.TestCompiledDTensorOpsCPU) ... ok
test_compiled_dtensor_op_db_view_cpu_float32 (__main__.TestCompiledDTensorOpsCPU) ... expected failure
test_compiled_dtensor_op_db_vsplit_cpu_float32 (__main__.TestCompiledDTensorOpsCPU) ... expected failure
test_compiled_dtensor_op_db_vstack_cpu_float32 (__main__.TestCompiledDTensorOpsCPU) ... ok
test_compiled_dtensor_op_db_where_cpu_float32 (__main__.TestCompiledDTensorOpsCPU) ... ok
test_compiled_dtensor_op_db_xlogy_cpu_float32 (__main__.TestCompiledDTensorOpsCPU) ... ok
test_compiled_dtensor_op_db_zero__cpu_float32 (__main__.TestCompiledDTensorOpsCPU) ... ok
test_compiled_dtensor_op_db_zeros_cpu_float32 (__main__.TestCompiledDTensorOpsCPU) ... ok
test_compiled_dtensor_op_db_zeros_like_cpu_float32 (__main__.TestCompiledDTensorOpsCPU) ... ok
test_embedding_error_msg (__main__.TestCompiledDTensorOpsCPU) ... ok

----------------------------------------------------------------------
Ran 673 tests in 610.766s

FAILED (skipped=44, expected failures=277, unexpected successes=3)
