/data/users/pianpwk/pytorch/torch/testing/_internal/common_cuda.py:24: UserWarning: PyTorch was compiled without cuDNN/MIOpen support. To use cuDNN/MIOpen, rebuild PyTorch making sure the library is visible to the build system.
  TEST_CUDNN = LazyVal(lambda: TEST_CUDA and torch.backends.cudnn.is_acceptable(torch.tensor(1., device=CUDA_DEVICE)))
..x..s....xxxss[rank0]:W0205 18:33:26.224000 2831428 torch/_logging/_internal.py:1279] [0/0] CPU process group does not support alltoall yet, falling back with allgather + chunk!
.xxx....x........x......xx.sxxxx.....xxx.x.x...xx..x.xx.....sss......xx.....x...xxxxs.......xx........x..ssss.x.....x.x.x.xxxxsssxxsxxxxxsxxxx.xxxx........x..x.xs.xs..x..xxx.....xxxxxxxxx..s.x....sxsssssxx....sssxsxssssssssssssssssssss.ssssssssssssssx...x....x....xs......xx..sss....xxx....xsx.s.xx..s.ssx.x.x..xss..x..xx..x.....xxxx[rank0]:E0205 18:37:54.271000 2831428 torch/_subclasses/fake_tensor.py:2907] [0/0] failed while attempting to run meta for aten.narrow_copy.default
[rank0]:E0205 18:37:54.271000 2831428 torch/_subclasses/fake_tensor.py:2907] [0/0] Traceback (most recent call last):
[rank0]:E0205 18:37:54.271000 2831428 torch/_subclasses/fake_tensor.py:2907] [0/0]   File "/data/users/pianpwk/pytorch/torch/_subclasses/fake_tensor.py", line 2903, in _dispatch_impl
[rank0]:E0205 18:37:54.271000 2831428 torch/_subclasses/fake_tensor.py:2907] [0/0]     r = func(*args, **kwargs)
[rank0]:E0205 18:37:54.271000 2831428 torch/_subclasses/fake_tensor.py:2907] [0/0]   File "/data/users/pianpwk/pytorch/torch/_ops.py", line 865, in __call__
[rank0]:E0205 18:37:54.271000 2831428 torch/_subclasses/fake_tensor.py:2907] [0/0]     return self._op(*args, **kwargs)
[rank0]:E0205 18:37:54.271000 2831428 torch/_subclasses/fake_tensor.py:2907] [0/0]   File "/data/users/pianpwk/pytorch/torch/_refs/__init__.py", line 2364, in _fn
[rank0]:E0205 18:37:54.271000 2831428 torch/_subclasses/fake_tensor.py:2907] [0/0]     result = fn(*args, out=out, **kwargs)
[rank0]:E0205 18:37:54.271000 2831428 torch/_subclasses/fake_tensor.py:2907] [0/0]   File "/data/users/pianpwk/pytorch/torch/_prims_common/wrappers.py", line 314, in _fn
[rank0]:E0205 18:37:54.271000 2831428 torch/_subclasses/fake_tensor.py:2907] [0/0]     result = fn(*args, **kwargs)
[rank0]:E0205 18:37:54.271000 2831428 torch/_subclasses/fake_tensor.py:2907] [0/0]   File "/data/users/pianpwk/pytorch/torch/_ops.py", line 1258, in __call__
[rank0]:E0205 18:37:54.271000 2831428 torch/_subclasses/fake_tensor.py:2907] [0/0]     return self._op(*args, **kwargs)
[rank0]:E0205 18:37:54.271000 2831428 torch/_subclasses/fake_tensor.py:2907] [0/0] IndexError: start out of range (expected to be in range of [-1, 1], but got 2)
xxx..x.ss....xxxxxxxxxxxxxx..xxxxxxsx.xxxx.ssssxxx.[rank0]:E0205 18:38:06.530000 2831428 torch/_subclasses/fake_tensor.py:2907] [0/0] failed while attempting to run meta for aten.glu.default
[rank0]:E0205 18:38:06.530000 2831428 torch/_subclasses/fake_tensor.py:2907] [0/0] Traceback (most recent call last):
[rank0]:E0205 18:38:06.530000 2831428 torch/_subclasses/fake_tensor.py:2907] [0/0]   File "/data/users/pianpwk/pytorch/torch/_subclasses/fake_tensor.py", line 2903, in _dispatch_impl
[rank0]:E0205 18:38:06.530000 2831428 torch/_subclasses/fake_tensor.py:2907] [0/0]     r = func(*args, **kwargs)
[rank0]:E0205 18:38:06.530000 2831428 torch/_subclasses/fake_tensor.py:2907] [0/0]   File "/data/users/pianpwk/pytorch/torch/_ops.py", line 865, in __call__
[rank0]:E0205 18:38:06.530000 2831428 torch/_subclasses/fake_tensor.py:2907] [0/0]     return self._op(*args, **kwargs)
[rank0]:E0205 18:38:06.530000 2831428 torch/_subclasses/fake_tensor.py:2907] [0/0]   File "/data/users/pianpwk/pytorch/torch/_prims_common/wrappers.py", line 314, in _fn
[rank0]:E0205 18:38:06.530000 2831428 torch/_subclasses/fake_tensor.py:2907] [0/0]     result = fn(*args, **kwargs)
[rank0]:E0205 18:38:06.530000 2831428 torch/_subclasses/fake_tensor.py:2907] [0/0]   File "/data/users/pianpwk/pytorch/torch/_compile.py", line 54, in inner
[rank0]:E0205 18:38:06.530000 2831428 torch/_subclasses/fake_tensor.py:2907] [0/0]     return disable_fn(*args, **kwargs)
[rank0]:E0205 18:38:06.530000 2831428 torch/_subclasses/fake_tensor.py:2907] [0/0]   File "/data/users/pianpwk/pytorch/torch/_dynamo/eval_frame.py", line 1252, in _fn
[rank0]:E0205 18:38:06.530000 2831428 torch/_subclasses/fake_tensor.py:2907] [0/0]     return fn(*args, **kwargs)
[rank0]:E0205 18:38:06.530000 2831428 torch/_subclasses/fake_tensor.py:2907] [0/0]   File "/data/users/pianpwk/pytorch/torch/_prims_common/wrappers.py", line 152, in _fn
[rank0]:E0205 18:38:06.530000 2831428 torch/_subclasses/fake_tensor.py:2907] [0/0]     result = fn(**bound.arguments)
[rank0]:E0205 18:38:06.530000 2831428 torch/_subclasses/fake_tensor.py:2907] [0/0]   File "/data/users/pianpwk/pytorch/torch/_refs/nn/functional/__init__.py", line 1194, in glu
[rank0]:E0205 18:38:06.530000 2831428 torch/_subclasses/fake_tensor.py:2907] [0/0]     torch._check(
[rank0]:E0205 18:38:06.530000 2831428 torch/_subclasses/fake_tensor.py:2907] [0/0]   File "/data/users/pianpwk/pytorch/torch/__init__.py", line 1751, in _check
[rank0]:E0205 18:38:06.530000 2831428 torch/_subclasses/fake_tensor.py:2907] [0/0]     _check_with(RuntimeError, cond, message)  # pyrefly: ignore [bad-argument-type]
[rank0]:E0205 18:38:06.530000 2831428 torch/_subclasses/fake_tensor.py:2907] [0/0]   File "/data/users/pianpwk/pytorch/torch/__init__.py", line 1733, in _check_with
[rank0]:E0205 18:38:06.530000 2831428 torch/_subclasses/fake_tensor.py:2907] [0/0]     raise error_type(message_evaluated)
[rank0]:E0205 18:38:06.530000 2831428 torch/_subclasses/fake_tensor.py:2907] [0/0] RuntimeError: Halving dimension must be even, but dimension 1 is size 1
xxx....s.xxxxxxxx.....xxxxxxxxxxxx..sxxx....xxx.x.......xs....s.....x..xxxxx...sxxx..s.s.xsx.......sxsx.x.x.xx...x.xxxxx..xx.......xxxxxxxxxx...................x.....sxxxxxxxxxxxxxxxxxxxxxxx.x.xxxxxxxxx.......sx..xx.x...ss.xxx..x...x...xx..s.....xxxxxxx.x.x.xx...x.xx.......
----------------------------------------------------------------------
Ran 673 tests in 522.011s

OK (skipped=97, expected failures=263)
